2015-04-04 15:31:36.800+0000 INFO  [org.neo4j]: You are using an unsupported version of the Java runtime. Please use Oracle(R) Java(TM) Runtime Environment 7 or OpenJDK(TM) 7.
2015-04-04 15:31:36.834+0000 INFO  [org.neo4j]: No locking implementation specified, defaulting to 'community'
2015-04-04 15:31:36.909+0000 INFO  [org.neo4j]: --- INITIALIZED diagnostics START ---
2015-04-04 15:31:36.910+0000 INFO  [org.neo4j]: Neo4j Kernel properties:
    neostore.propertystore.db.strings.mapped_memory=501M
    ephemeral=false
    neostore.nodestore.db.mapped_memory=158M
    store_dir=ir
    neostore.propertystore.db.arrays.mapped_memory=584M
    neostore.relationshipgroupstore.db.mapped_memory=0M
    neostore.propertystore.db.mapped_memory=572M
    neostore.relationshipstore.db.mapped_memory=677M
2015-04-04 15:31:36.913+0000 INFO  [org.neo4j]: Diagnostics providers:
    org.neo4j.kernel.configuration.Config
    org.neo4j.kernel.info.DiagnosticsManager
    SYSTEM_MEMORY
    JAVA_MEMORY
    OPERATING_SYSTEM
    JAVA_VIRTUAL_MACHINE
    CLASSPATH
    LIBRARY_PATH
    SYSTEM_PROPERTIES
    NETWORK
2015-04-04 15:31:36.914+0000 INFO  [org.neo4j]: System memory information:
    Total Physical memory: 8.00 GB
    Free Physical memory: 2.72 GB
    Committed virtual memory: 5.73 GB
    Total swap space: 1.00 GB
    Free swap space: 956.25 MB
2015-04-04 15:31:36.919+0000 INFO  [org.neo4j]: JVM memory information:
    Free  memory: 104.12 MB
    Total memory: 123.00 MB
    Max   memory: 1.78 GB
    Garbage Collector: PS Scavenge: [PS Eden Space, PS Survivor Space]
    Garbage Collector: PS MarkSweep: [PS Eden Space, PS Survivor Space, PS Old Gen]
    Memory Pool: Code Cache (Non-heap memory): committed=2.44 MB, used=2.28 MB, max=240.00 MB, threshold=0.00 B
    Memory Pool: Metaspace (Non-heap memory): committed=6.63 MB, used=6.32 MB, max=-1.00 B, threshold=0.00 B
    Memory Pool: Compressed Class Space (Non-heap memory): committed=896.00 kB, used=833.77 kB, max=1.00 GB, threshold=0.00 B
    Memory Pool: PS Eden Space (Heap memory): committed=32.50 MB, used=18.88 MB, max=672.50 MB, threshold=?
    Memory Pool: PS Survivor Space (Heap memory): committed=5.00 MB, used=0.00 B, max=5.00 MB, threshold=?
    Memory Pool: PS Old Gen (Heap memory): committed=85.50 MB, used=0.00 B, max=1.33 GB, threshold=0.00 B
2015-04-04 15:31:36.924+0000 INFO  [org.neo4j]: Operating system information:
    Operating System: Mac OS X; version: 10.9.5; arch: x86_64; cpus: 4
    Max number of file descriptors: 10240
    Number of open file descriptors: 43
    Process id: 7326@FuJuns-MacBook-Pro.local
    Byte order: LITTLE_ENDIAN
    Local timezone: America/New_York
2015-04-04 15:31:36.932+0000 INFO  [org.neo4j]: JVM information:
    VM Name: Java HotSpot(TM) 64-Bit Server VM
    VM Vendor: Oracle Corporation
    VM Version: 25.20-b23
    JIT compiler: HotSpot 64-Bit Tiered Compilers
    VM Arguments: [-Dfile.encoding=UTF-8]
2015-04-04 15:31:36.933+0000 INFO  [org.neo4j]: Java classpath:
     [loader.1] file:/System/Library/Java/Extensions/QTJava.zip
     [loader.1] file:/System/Library/Java/Extensions/libQTJNative.jnilib
     [classpath + loader.0] file:/Users/fujun/GitHub/TwitterQA/lib/lucene-core-3.6.2.jar
     [bootstrap] /Library/Java/JavaVirtualMachines/jdk1.8.0_20.jdk/Contents/Home/jre/lib/jfr.jar
     [bootstrap] /Library/Java/JavaVirtualMachines/jdk1.8.0_20.jdk/Contents/Home/jre/lib/rt.jar
     [classpath + loader.0] file:/Users/fujun/GitHub/TwitterQA/lib/neo4j-cypher-compiler-1.9-2.0.3.jar
     [bootstrap] /Library/Java/JavaVirtualMachines/jdk1.8.0_20.jdk/Contents/Home/jre/lib/jce.jar
     [classpath + loader.0] file:/Users/fujun/GitHub/TwitterQA/lib/twitter4j-core-4.0.2.jar
     [bootstrap] /Library/Java/JavaVirtualMachines/jdk1.8.0_20.jdk/Contents/Home/jre/lib/jsse.jar
     [loader.1] file:/Library/Java/JavaVirtualMachines/jdk1.8.0_20.jdk/Contents/Home/jre/lib/ext/localedata.jar
     [classpath + loader.0] file:/Users/fujun/GitHub/TwitterQA/lib/parboiled-core-1.1.6.jar
     [classpath + loader.0] file:/Users/fujun/GitHub/TwitterQA/lib/neo4j-kernel-2.1.7.jar
     [classpath + loader.0] file:/Users/fujun/GitHub/TwitterQA/lib/twitter4j-stream-4.0.2.jar
     [loader.1] file:/Library/Java/JavaVirtualMachines/jdk1.8.0_20.jdk/Contents/Home/jre/lib/ext/cldrdata.jar
     [loader.1] file:/System/Library/Java/Extensions/vecmath.jar
     [classpath + loader.0] file:/Users/fujun/GitHub/TwitterQA/lib/opencsv-2.3.jar
     [classpath + loader.0] file:/Users/fujun/GitHub/TwitterQA/lib/neo4j-jmx-2.1.7.jar
     [loader.1] file:/Library/Java/JavaVirtualMachines/jdk1.8.0_20.jdk/Contents/Home/jre/lib/ext/sunpkcs11.jar
     [loader.1] file:/System/Library/Java/Extensions/libJ3D.jnilib
     [classpath + loader.0] file:/Users/fujun/GitHub/TwitterQA/lib/server-api-2.1.7.jar
     [loader.1] file:/Library/Java/JavaVirtualMachines/jdk1.8.0_20.jdk/Contents/Home/jre/lib/ext/dnsns.jar
     [classpath + loader.0] file:/Users/fujun/GitHub/TwitterQA/lib/scala-library-2.10.4.jar
     [classpath + loader.0] file:/Users/fujun/GitHub/TwitterQA/lib/geronimo-jta_1.1_spec-1.1.1.jar
     [loader.1] file:/System/Library/Java/Extensions/libAppleScriptEngine.jnilib
     [classpath + loader.0] file:/Users/fujun/GitHub/TwitterQA/lib/neo4j-cypher-commons-2.1.7.jar
     [classpath + loader.0] file:/Users/fujun/GitHub/TwitterQA/lib/neo4j-graph-algo-2.1.7.jar
     [classpath + loader.0] file:/Users/fujun/GitHub/TwitterQA/lib/org.apache.servicemix.bundles.jline-0.9.94_1.jar
     [loader.1] file:/System/Library/Java/Extensions/dns_sd.jar
     [loader.1] file:/System/Library/Java/Extensions/MRJToolkit.jar
     [classpath + loader.0] file:/Users/fujun/GitHub/TwitterQA/lib/neo4j-cypher-compiler-2.0-2.0.3.jar
     [bootstrap] /Library/Java/JavaVirtualMachines/jdk1.8.0_20.jdk/Contents/Home/jre/lib/charsets.jar
     [loader.1] file:/Library/Java/JavaVirtualMachines/jdk1.8.0_20.jdk/Contents/Home/jre/lib/ext/jfxrt.jar
     [loader.1] file:/Library/Java/JavaVirtualMachines/jdk1.8.0_20.jdk/Contents/Home/jre/lib/ext/zipfs.jar
     [loader.1] file:/System/Library/Java/Extensions/mlibwrapper_jai.jar
     [classpath + loader.0] file:/Users/fujun/GitHub/TwitterQA/lib/neo4j-cypher-compiler-2.1-2.1.7.jar
     [loader.1] file:/System/Library/Java/Extensions/libJ3DUtils.jnilib
     [loader.1] file:/System/Library/Java/Extensions/j3daudio.jar
     [loader.1] file:/System/Library/Java/Extensions/AppleScriptEngine.jar
     [loader.1] file:/System/Library/Java/Extensions/j3dutils.jar
     [loader.1] file:/System/Library/Java/Extensions/jai_codec.jar
     [classpath + loader.0] file:/Users/fujun/GitHub/TwitterQA/lib/neo4j-cypher-2.1.7.jar
     [loader.1] file:/Library/Java/JavaVirtualMachines/jdk1.8.0_20.jdk/Contents/Home/jre/lib/ext/sunjce_provider.jar
     [classpath + loader.0] file:/Users/fujun/GitHub/TwitterQA/lib/neo4j-primitive-collections-2.1.7.jar
     [classpath + loader.0] file:/Users/fujun/GitHub/TwitterQA/lib/neo4j-shell-2.1.7.jar
     [classpath + loader.0] file:/Users/fujun/GitHub/TwitterQA/lib/concurrentlinkedhashmap-lru-1.3.1.jar
     [classpath + loader.0] file:/Users/fujun/GitHub/TwitterQA/lib/neo4j-udc-2.1.7.jar
     [bootstrap] /Library/Java/JavaVirtualMachines/jdk1.8.0_20.jdk/Contents/Home/jre/lib/sunrsasign.jar
     [loader.1] file:/usr/lib/java/libjdns_sd.jnilib
     [loader.1] file:/System/Library/Java/Extensions/libmlib_jai.jnilib
     [loader.1] file:/Library/Java/JavaVirtualMachines/jdk1.8.0_20.jdk/Contents/Home/jre/lib/ext/nashorn.jar
     [bootstrap] /Library/Java/JavaVirtualMachines/jdk1.8.0_20.jdk/Contents/Home/jre/classes
     [classpath + loader.0] file:/Users/fujun/GitHub/TwitterQA/bin/
     [classpath + loader.0] file:/Users/fujun/GitHub/TwitterQA/lib/parboiled-scala_2.10-1.1.6.jar
     [loader.1] file:/Library/Java/JavaVirtualMachines/jdk1.8.0_20.jdk/Contents/Home/jre/lib/ext/sunec.jar
     [bootstrap] /Library/Java/JavaVirtualMachines/jdk1.8.0_20.jdk/Contents/Home/jre/lib/resources.jar
     [loader.1] file:/System/Library/Java/Extensions/libJ3DAudio.jnilib
     [classpath + loader.0] file:/Users/fujun/GitHub/TwitterQA/lib/neo4j-graph-matching-2.1.7.jar
     [classpath + loader.0] file:/Users/fujun/GitHub/TwitterQA/lib/neo4j-lucene-index-2.1.7.jar
     [loader.1] file:/System/Library/Java/Extensions/j3dcore.jar
     [loader.1] file:/System/Library/Java/Extensions/jai_core.jar
2015-04-04 15:31:36.935+0000 INFO  [org.neo4j]: Library path:
    /Users/fujun/Library/Java/Extensions
    /Library/Java/Extensions
    /Network/Library/Java/Extensions
    /System/Library/Java/Extensions
    /usr/lib/java
    /Users/fujun/GitHub/TwitterQA
2015-04-04 15:31:36.935+0000 INFO  [org.neo4j]: System.properties:
    sun.boot.library.path = /Library/Java/JavaVirtualMachines/jdk1.8.0_20.jdk/Contents/Home/jre/lib
    gopherProxySet = false
    path.separator = :
    file.encoding.pkg = sun.io
    user.country = US
    sun.java.launcher = SUN_STANDARD
    sun.os.patch.level = unknown
    user.dir = /Users/fujun/GitHub/TwitterQA
    sun.jnu.encoding = UTF-8
    sun.management.compiler = HotSpot 64-Bit Tiered Compilers
    http.nonProxyHosts = local|*.local|169.254/16|*.169.254/16
    user.home = /Users/fujun
    user.timezone = America/New_York
    file.encoding = UTF-8
    user.name = fujun
    sun.java.command = qa.datahelper.test
    sun.arch.data.model = 64
    user.language = en
    awt.toolkit = sun.lwawt.macosx.LWCToolkit
    file.separator = /
    sun.io.unicode.encoding = UnicodeBig
    sun.cpu.endian = little
    socksNonProxyHosts = local|*.local|169.254/16|*.169.254/16
    ftp.nonProxyHosts = local|*.local|169.254/16|*.169.254/16
    sun.cpu.isalist = 
2015-04-04 15:31:36.936+0000 INFO  [org.neo4j]: Network information:
    Interface en0:
        address: fe80:0:0:0:82e6:50ff:fe04:e5b0%en0
        address: 150.212.241.114
    Interface lo0:
        address: fe80:0:0:0:0:0:0:1%lo0
        address: 0:0:0:0:0:0:0:1
        address: 127.0.0.1
2015-04-04 15:31:36.940+0000 INFO  [org.neo4j]: --- INITIALIZED diagnostics END ---
2015-04-04 15:31:37.101+0000 INFO  [org.neo4j]: Creating new db @ ir/neostore
2015-04-04 15:31:37.142+0000 INFO  [org.neo4j]: [ir/neostore.relationshiptypestore.db.names] brickCount=0 brickSize=0b mappedMem=0b (storeSize=38b)
2015-04-04 15:31:37.143+0000 INFO  [org.neo4j]: [ir/neostore.relationshiptypestore.db] brickCount=0 brickSize=0b mappedMem=0b (storeSize=0b)
2015-04-04 15:31:37.143+0000 INFO  [org.neo4j]: ir/neostore.relationshiptypestore.db.names hit=0 miss=0 switches=0 ooe=0
2015-04-04 15:31:37.145+0000 INFO  [org.neo4j]: ir/neostore.relationshiptypestore.db hit=0 miss=0 switches=0 ooe=0
2015-04-04 15:31:37.147+0000 INFO  [org.neo4j]: [ir/neostore.labeltokenstore.db.names] brickCount=0 brickSize=0b mappedMem=0b (storeSize=38b)
2015-04-04 15:31:37.148+0000 INFO  [org.neo4j]: [ir/neostore.labeltokenstore.db] brickCount=0 brickSize=0b mappedMem=0b (storeSize=0b)
2015-04-04 15:31:37.148+0000 INFO  [org.neo4j]: ir/neostore.labeltokenstore.db.names hit=0 miss=0 switches=0 ooe=0
2015-04-04 15:31:37.148+0000 INFO  [org.neo4j]: ir/neostore.labeltokenstore.db hit=0 miss=0 switches=0 ooe=0
2015-04-04 15:31:37.153+0000 INFO  [org.neo4j]: [ir/neostore.relationshiptypestore.db.names] brickCount=0 brickSize=0b mappedMem=0b (storeSize=38b)
2015-04-04 15:31:37.153+0000 INFO  [org.neo4j]: [ir/neostore.relationshiptypestore.db] brickCount=0 brickSize=0b mappedMem=0b (storeSize=0b)
2015-04-04 15:31:37.154+0000 INFO  [org.neo4j]: [ir/neostore.labeltokenstore.db.names] brickCount=0 brickSize=0b mappedMem=0b (storeSize=38b)
2015-04-04 15:31:37.154+0000 INFO  [org.neo4j]: [ir/neostore.labeltokenstore.db] brickCount=0 brickSize=0b mappedMem=0b (storeSize=0b)
2015-04-04 15:31:37.154+0000 INFO  [org.neo4j]: [ir/neostore.propertystore.db.strings] brickCount=0 brickSize=525312b mappedMem=525336576b (storeSize=128b)
2015-04-04 15:31:37.154+0000 INFO  [org.neo4j]: [ir/neostore.propertystore.db.index.keys] brickCount=0 brickSize=0b mappedMem=0b (storeSize=38b)
2015-04-04 15:31:37.155+0000 INFO  [org.neo4j]: [ir/neostore.propertystore.db.index] brickCount=0 brickSize=0b mappedMem=0b (storeSize=0b)
2015-04-04 15:31:37.155+0000 INFO  [org.neo4j]: [ir/neostore.propertystore.db.arrays] brickCount=0 brickSize=612352b mappedMem=612368384b (storeSize=128b)
2015-04-04 15:31:37.157+0000 INFO  [org.neo4j]: [ir/neostore.propertystore.db] brickCount=0 brickSize=5997849b mappedMem=599785472b (storeSize=0b)
2015-04-04 15:31:37.160+0000 INFO  [org.neo4j]: [ir/neostore.relationshipstore.db] brickCount=0 brickSize=7098826b mappedMem=709885952b (storeSize=0b)
2015-04-04 15:31:37.160+0000 INFO  [org.neo4j]: [ir/neostore.nodestore.db.labels] brickCount=0 brickSize=0b mappedMem=0b (storeSize=68b)
2015-04-04 15:31:37.163+0000 INFO  [org.neo4j]: [ir/neostore.nodestore.db] brickCount=0 brickSize=1656750b mappedMem=165675008b (storeSize=0b)
2015-04-04 15:31:37.163+0000 INFO  [org.neo4j]: [ir/neostore.schemastore.db] brickCount=0 brickSize=0b mappedMem=0b (storeSize=64b)
2015-04-04 15:31:37.165+0000 INFO  [org.neo4j]: [ir/neostore.relationshipgroupstore.db] brickCount=0 brickSize=0b mappedMem=0b (storeSize=25b)
2015-04-04 15:31:37.166+0000 INFO  [org.neo4j]: [ir/neostore] brickCount=0 brickSize=0b mappedMem=0b (storeSize=0b)
2015-04-04 15:31:37.169+0000 INFO  [org.neo4j]: ir/neostore.relationshiptypestore.db.names hit=0 miss=0 switches=0 ooe=0
2015-04-04 15:31:37.170+0000 INFO  [org.neo4j]: ir/neostore.relationshiptypestore.db hit=0 miss=0 switches=0 ooe=0
2015-04-04 15:31:37.171+0000 INFO  [org.neo4j]: ir/neostore.labeltokenstore.db.names hit=0 miss=0 switches=0 ooe=0
2015-04-04 15:31:37.172+0000 INFO  [org.neo4j]: ir/neostore.labeltokenstore.db hit=0 miss=0 switches=0 ooe=0
2015-04-04 15:31:37.172+0000 INFO  [org.neo4j]: ir/neostore.propertystore.db.strings hit=0 miss=0 switches=0 ooe=0
2015-04-04 15:31:37.173+0000 INFO  [org.neo4j]: ir/neostore.propertystore.db.index.keys hit=0 miss=0 switches=0 ooe=0
2015-04-04 15:31:37.174+0000 INFO  [org.neo4j]: ir/neostore.propertystore.db.index hit=0 miss=0 switches=0 ooe=0
2015-04-04 15:31:37.174+0000 INFO  [org.neo4j]: ir/neostore.propertystore.db.arrays hit=0 miss=0 switches=0 ooe=0
2015-04-04 15:31:37.175+0000 INFO  [org.neo4j]: ir/neostore.propertystore.db hit=0 miss=0 switches=0 ooe=0
2015-04-04 15:31:37.176+0000 INFO  [org.neo4j]: ir/neostore.relationshipstore.db hit=0 miss=0 switches=0 ooe=0
2015-04-04 15:31:37.177+0000 INFO  [org.neo4j]: ir/neostore.nodestore.db.labels hit=0 miss=0 switches=0 ooe=0
2015-04-04 15:31:37.179+0000 INFO  [org.neo4j]: ir/neostore.nodestore.db hit=0 miss=0 switches=0 ooe=0
2015-04-04 15:31:37.180+0000 INFO  [org.neo4j]: ir/neostore.schemastore.db hit=0 miss=0 switches=0 ooe=0
2015-04-04 15:31:37.180+0000 INFO  [org.neo4j]: ir/neostore.relationshipgroupstore.db hit=0 miss=0 switches=0 ooe=0
2015-04-04 15:31:37.182+0000 INFO  [org.neo4j]: ir/neostore hit=0 miss=10 switches=0 ooe=0
2015-04-04 15:31:37.190+0000 INFO  [org.neo4j]: [ir/neostore.relationshiptypestore.db.names] brickCount=0 brickSize=0b mappedMem=0b (storeSize=38b)
2015-04-04 15:31:37.191+0000 INFO  [org.neo4j]: [ir/neostore.relationshiptypestore.db] brickCount=0 brickSize=0b mappedMem=0b (storeSize=0b)
2015-04-04 15:31:37.191+0000 INFO  [org.neo4j]: [ir/neostore.labeltokenstore.db.names] brickCount=0 brickSize=0b mappedMem=0b (storeSize=38b)
2015-04-04 15:31:37.192+0000 INFO  [org.neo4j]: [ir/neostore.labeltokenstore.db] brickCount=0 brickSize=0b mappedMem=0b (storeSize=0b)
2015-04-04 15:31:37.192+0000 INFO  [org.neo4j]: [ir/neostore.propertystore.db.strings] brickCount=0 brickSize=525312b mappedMem=525336576b (storeSize=128b)
2015-04-04 15:31:37.192+0000 INFO  [org.neo4j]: [ir/neostore.propertystore.db.index.keys] brickCount=0 brickSize=0b mappedMem=0b (storeSize=38b)
2015-04-04 15:31:37.194+0000 INFO  [org.neo4j]: [ir/neostore.propertystore.db.index] brickCount=0 brickSize=0b mappedMem=0b (storeSize=0b)
2015-04-04 15:31:37.194+0000 INFO  [org.neo4j]: [ir/neostore.propertystore.db.arrays] brickCount=0 brickSize=612352b mappedMem=612368384b (storeSize=128b)
2015-04-04 15:31:37.195+0000 INFO  [org.neo4j]: [ir/neostore.propertystore.db] brickCount=0 brickSize=5997849b mappedMem=599785472b (storeSize=0b)
2015-04-04 15:31:37.195+0000 INFO  [org.neo4j]: [ir/neostore.relationshipstore.db] brickCount=0 brickSize=7098826b mappedMem=709885952b (storeSize=0b)
2015-04-04 15:31:37.195+0000 INFO  [org.neo4j]: [ir/neostore.nodestore.db.labels] brickCount=0 brickSize=0b mappedMem=0b (storeSize=68b)
2015-04-04 15:31:37.196+0000 INFO  [org.neo4j]: [ir/neostore.nodestore.db] brickCount=0 brickSize=1656750b mappedMem=165675008b (storeSize=0b)
2015-04-04 15:31:37.196+0000 INFO  [org.neo4j]: [ir/neostore.schemastore.db] brickCount=0 brickSize=0b mappedMem=0b (storeSize=64b)
2015-04-04 15:31:37.197+0000 INFO  [org.neo4j]: [ir/neostore.relationshipgroupstore.db] brickCount=0 brickSize=0b mappedMem=0b (storeSize=25b)
2015-04-04 15:31:37.197+0000 INFO  [org.neo4j]: [ir/neostore] brickCount=0 brickSize=0b mappedMem=0b (storeSize=81b)
2015-04-04 15:31:37.276+0000 INFO  [org.neo4j]: No lucene scan store index found, this might just be first use. Preparing to rebuild.
2015-04-04 15:31:37.299+0000 INFO  [org.neo4j]: No lucene scan store index found, this might just be first use. Preparing to rebuild.
2015-04-04 15:31:37.358+0000 INFO  [org.neo4j]: Opened logical log [ir/nioneo_logical.log.1] version=0, lastTxId=1 (clean)
2015-04-04 15:31:37.361+0000 INFO  [org.neo4j]: Rebuilding lucene scan store, this may take a while
2015-04-04 15:31:37.363+0000 INFO  [org.neo4j]: Lucene scan store rebuilt (roughly -1 nodes)
2015-04-04 15:31:37.366+0000 INFO  [org.neo4j]: TM new log: tm_tx_log.1
2015-04-04 15:31:37.376+0000 INFO  [org.neo4j]: Kernel health set to OK
2015-04-04 15:31:37.387+0000 INFO  [org.neo4j]: Opened logical log [ir/index/lucene.log.1] version=0, lastTxId=1 (clean)
2015-04-04 15:31:37.395+0000 INFO  [org.neo4j]: --- STARTED diagnostics for KernelDiagnostics:Versions START ---
2015-04-04 15:31:37.395+0000 INFO  [org.neo4j]: Graph Database: org.neo4j.kernel.EmbeddedGraphDatabase StoreId{creationTime=1428161497114, randomId=-6792812091003649687, storeVersion=14406081294923270, upgradeTime=1428161497114, upgradeId=-6792812091003649687}
2015-04-04 15:31:37.395+0000 INFO  [org.neo4j]: Kernel version: Neo4j - Graph Database Kernel (neo4j-kernel), version: 2.1.7
2015-04-04 15:31:37.395+0000 INFO  [org.neo4j]: Neo4j component versions:
2015-04-04 15:31:37.401+0000 INFO  [org.neo4j]:   Neo4j - Cypher Compiler 1.9 (neo4j-cypher-compiler-1.9), version: 2.0.3; revision: 2.0.3:2.0-maint:72/307c563c11b75fdc71cfa6df05daf9b08d6c37dc
2015-04-04 15:31:37.401+0000 INFO  [org.neo4j]:   Neo4j - Cypher Commons (neo4j-cypher-commons), version: 2.1.7; revision: 2.1.7:2.1-maint:649/ed233fc1087f4549d1956b8ec4a504fe2f13a446
2015-04-04 15:31:37.401+0000 INFO  [org.neo4j]:   Neo4j Server API (server-api), version: 2.1.7; revision: 2.1.7:2.1-maint:649/ed233fc1087f4549d1956b8ec4a504fe2f13a446
2015-04-04 15:31:37.401+0000 INFO  [org.neo4j]:   Neo4j - Graph Database Kernel (neo4j-kernel), version: 2.1.7; revision: 2.1.7:2.1-maint:649/ed233fc1087f4549d1956b8ec4a504fe2f13a446
2015-04-04 15:31:37.401+0000 INFO  [org.neo4j]:   Neo4j - Cypher Compiler 2.1 (neo4j-cypher-compiler-2.1), version: 2.1.7; revision: 2.1.7:2.1-maint:649/ed233fc1087f4549d1956b8ec4a504fe2f13a446
2015-04-04 15:31:37.401+0000 INFO  [org.neo4j]:   Neo4j - Generic shell (neo4j-shell), version: 2.1.7; revision: 2.1.7:2.1-maint:649/ed233fc1087f4549d1956b8ec4a504fe2f13a446
2015-04-04 15:31:37.401+0000 INFO  [org.neo4j]:   neo4j-udc, version: 2.1.7; revision: 2.1.7:2.1-maint:649/ed233fc1087f4549d1956b8ec4a504fe2f13a446
2015-04-04 15:31:37.401+0000 INFO  [org.neo4j]:   Neo4j - Lucene Index (neo4j-lucene-index), version: 2.1.7; revision: 2.1.7:2.1-maint:649/ed233fc1087f4549d1956b8ec4a504fe2f13a446
2015-04-04 15:31:37.401+0000 INFO  [org.neo4j]:   Neo4j - Cypher Compiler 2.0 (neo4j-cypher-compiler-2.0), version: 2.0.3; revision: 2.0.3:2.0-maint:72/307c563c11b75fdc71cfa6df05daf9b08d6c37dc
2015-04-04 15:31:37.401+0000 INFO  [org.neo4j]:   Neo4j - Graph Matching (neo4j-graph-matching), version: 2.1.7; revision: 2.1.7:2.1-maint:649/ed233fc1087f4549d1956b8ec4a504fe2f13a446
2015-04-04 15:31:37.401+0000 INFO  [org.neo4j]:   Neo4j - JMX support (neo4j-jmx), version: 2.1.7; revision: 2.1.7:2.1-maint:649/ed233fc1087f4549d1956b8ec4a504fe2f13a446
2015-04-04 15:31:37.401+0000 INFO  [org.neo4j]:   Neo4j - Cypher (neo4j-cypher), version: 2.1.7; revision: 2.1.7:2.1-maint:649/ed233fc1087f4549d1956b8ec4a504fe2f13a446
2015-04-04 15:31:37.401+0000 INFO  [org.neo4j]:   Neo4j - Graph Algorithms (neo4j-graph-algo), version: 2.1.7; revision: 2.1.7:2.1-maint:649/ed233fc1087f4549d1956b8ec4a504fe2f13a446
2015-04-04 15:31:37.401+0000 INFO  [org.neo4j]: --- STARTED diagnostics for KernelDiagnostics:Versions END ---
2015-04-04 15:31:37.405+0000 INFO  [org.neo4j]: --- STARTED diagnostics for NEO_STORE_VERSIONS START ---
2015-04-04 15:31:37.405+0000 INFO  [org.neo4j]: Store versions:
    Store versions:
      NeoStore v0.A.3
      SchemaStore v0.A.3
      NodeStore v0.A.3
      RelationshipStore v0.A.3
      RelationshipTypeStore v0.A.3
      LabelTokenStore v0.A.3
      PropertyStore v0.A.3
      PropertyIndexStore v0.A.3
      StringPropertyStore v0.A.3
      ArrayPropertyStore v0.A.3
      RelationshipGroupStore v0.A.3
2015-04-04 15:31:37.406+0000 INFO  [org.neo4j]: --- STARTED diagnostics for NEO_STORE_VERSIONS END ---
2015-04-04 15:31:37.406+0000 INFO  [org.neo4j]: --- STARTED diagnostics for NEO_STORE_ID_USAGE START ---
2015-04-04 15:31:37.406+0000 INFO  [org.neo4j]: Id usage:
    Id usage:
      SchemaStore: used=1 high=0
      NodeStore: used=0 high=-1
      RelationshipStore: used=0 high=-1
      RelationshipTypeStore: used=0 high=-1
      LabelTokenStore: used=0 high=-1
      PropertyStore: used=0 high=-1
      PropertyIndexStore: used=0 high=-1
      StringPropertyStore: used=1 high=0
      ArrayPropertyStore: used=1 high=0
      RelationshipGroupStore: used=1 high=0
2015-04-04 15:31:37.407+0000 INFO  [org.neo4j]: --- STARTED diagnostics for NEO_STORE_ID_USAGE END ---
2015-04-04 15:31:37.407+0000 INFO  [org.neo4j]: --- STARTED diagnostics for PERSISTENCE_WINDOW_POOL_STATS START ---
2015-04-04 15:31:37.407+0000 INFO  [org.neo4j]: --- STARTED diagnostics for PERSISTENCE_WINDOW_POOL_STATS END ---
2015-04-04 15:31:37.408+0000 INFO  [org.neo4j]: --- STARTED diagnostics for KernelDiagnostics:StoreFiles START ---
2015-04-04 15:31:37.408+0000 INFO  [org.neo4j]: Disk space on partition (Total / Free / Free %): 250140434432 / 143441997824 / 57
Storage files: (filename : modification date - size)
      active_tx_log: 2015-04-04T11:31:37-0400 - 11.00 B
      index:
        lucene-store.db: 2015-04-04T11:31:37-0400 - 40.00 B
        lucene.log.1: 2015-04-04T11:31:37-0400 - 16.00 B
        lucene.log.active: 2015-04-04T11:31:37-0400 - 4.00 B
      - Total: 2015-04-04T11:31:37-0400 - 60.00 B
      lock: 2015-04-04T11:31:37-0400 - 0.00 B
      messages.log: 2015-04-04T11:31:37-0400 - 21.57 kB
      neostore: 2015-04-04T11:31:37-0400 - 81.00 B
      neostore.id: 2015-04-04T11:31:37-0400 - 9.00 B
      neostore.labeltokenstore.db: 2015-04-04T11:31:37-0400 - 0.00 B
      neostore.labeltokenstore.db.id: 2015-04-04T11:31:37-0400 - 9.00 B
      neostore.labeltokenstore.db.names: 2015-04-04T11:31:37-0400 - 38.00 B
      neostore.labeltokenstore.db.names.id: 2015-04-04T11:31:37-0400 - 9.00 B
      neostore.nodestore.db: 2015-04-04T11:31:37-0400 - 0.00 B
      neostore.nodestore.db.id: 2015-04-04T11:31:37-0400 - 9.00 B
      neostore.nodestore.db.labels: 2015-04-04T11:31:37-0400 - 68.00 B
      neostore.nodestore.db.labels.id: 2015-04-04T11:31:37-0400 - 9.00 B
      neostore.propertystore.db: 2015-04-04T11:31:37-0400 - 0.00 B
      neostore.propertystore.db.arrays: 2015-04-04T11:31:37-0400 - 128.00 B
      neostore.propertystore.db.arrays.id: 2015-04-04T11:31:37-0400 - 9.00 B
      neostore.propertystore.db.id: 2015-04-04T11:31:37-0400 - 9.00 B
      neostore.propertystore.db.index: 2015-04-04T11:31:37-0400 - 0.00 B
      neostore.propertystore.db.index.id: 2015-04-04T11:31:37-0400 - 9.00 B
      neostore.propertystore.db.index.keys: 2015-04-04T11:31:37-0400 - 38.00 B
      neostore.propertystore.db.index.keys.id: 2015-04-04T11:31:37-0400 - 9.00 B
      neostore.propertystore.db.strings: 2015-04-04T11:31:37-0400 - 128.00 B
      neostore.propertystore.db.strings.id: 2015-04-04T11:31:37-0400 - 9.00 B
      neostore.relationshipgroupstore.db: 2015-04-04T11:31:37-0400 - 25.00 B
      neostore.relationshipgroupstore.db.id: 2015-04-04T11:31:37-0400 - 9.00 B
      neostore.relationshipstore.db: 2015-04-04T11:31:37-0400 - 0.00 B
      neostore.relationshipstore.db.id: 2015-04-04T11:31:37-0400 - 9.00 B
      neostore.relationshiptypestore.db: 2015-04-04T11:31:37-0400 - 0.00 B
      neostore.relationshiptypestore.db.id: 2015-04-04T11:31:37-0400 - 9.00 B
      neostore.relationshiptypestore.db.names: 2015-04-04T11:31:37-0400 - 38.00 B
      neostore.relationshiptypestore.db.names.id: 2015-04-04T11:31:37-0400 - 9.00 B
      neostore.schemastore.db: 2015-04-04T11:31:37-0400 - 64.00 B
      neostore.schemastore.db.id: 2015-04-04T11:31:37-0400 - 9.00 B
      nioneo_logical.log.1: 2015-04-04T11:31:37-0400 - 16.00 B
      nioneo_logical.log.active: 2015-04-04T11:31:37-0400 - 4.00 B
      schema:
        label:
          lucene:
            write.lock: 2015-04-04T11:31:37-0400 - 0.00 B
          - Total: 2015-04-04T11:31:37-0400 - 0.00 B
        - Total: 2015-04-04T11:31:37-0400 - 0.00 B
      - Total: 2015-04-04T11:31:37-0400 - 0.00 B
      store_lock: 2015-04-04T11:31:37-0400 - 0.00 B
      tm_tx_log.1: 2015-04-04T11:31:37-0400 - 0.00 B
2015-04-04 15:31:37.417+0000 INFO  [org.neo4j]: --- STARTED diagnostics for KernelDiagnostics:StoreFiles END ---
2015-04-04 15:31:37.452+0000 INFO  [org.neo4j]: Database is now ready
2015-04-04 15:31:37.624+0000 INFO  [org.neo4j]: Shutdown started
2015-04-04 15:31:37.625+0000 INFO  [org.neo4j]: Database is now unavailable
2015-04-04 15:31:37.628+0000 INFO  [org.neo4j]: Closed log ir/index/lucene.log
2015-04-04 15:31:37.628+0000 INFO  [org.neo4j]: TM shutting down
2015-04-04 15:31:37.634+0000 INFO  [org.neo4j]: Closed log ir/nioneo_logical.log
2015-04-04 15:31:37.635+0000 INFO  [org.neo4j]: ir/neostore.relationshiptypestore.db.names hit=0 miss=3 switches=0 ooe=0
2015-04-04 15:31:37.636+0000 INFO  [org.neo4j]: ir/neostore.relationshiptypestore.db hit=0 miss=3 switches=0 ooe=0
2015-04-04 15:31:37.636+0000 INFO  [org.neo4j]: ir/neostore.labeltokenstore.db.names hit=0 miss=2 switches=0 ooe=0
2015-04-04 15:31:37.637+0000 INFO  [org.neo4j]: ir/neostore.labeltokenstore.db hit=0 miss=2 switches=0 ooe=0
2015-04-04 15:31:37.638+0000 INFO  [org.neo4j]: ir/neostore.propertystore.db.strings hit=0 miss=0 switches=0 ooe=0
2015-04-04 15:31:37.638+0000 INFO  [org.neo4j]: ir/neostore.propertystore.db.index.keys hit=0 miss=3 switches=0 ooe=0
2015-04-04 15:31:37.639+0000 INFO  [org.neo4j]: ir/neostore.propertystore.db.index hit=0 miss=3 switches=0 ooe=0
2015-04-04 15:31:37.639+0000 INFO  [org.neo4j]: ir/neostore.propertystore.db.arrays hit=0 miss=0 switches=0 ooe=0
2015-04-04 15:31:37.640+0000 INFO  [org.neo4j]: ir/neostore.propertystore.db hit=7 miss=0 switches=0 ooe=0
2015-04-04 15:31:37.641+0000 INFO  [org.neo4j]: ir/neostore.relationshipstore.db hit=10 miss=0 switches=0 ooe=0
2015-04-04 15:31:37.641+0000 INFO  [org.neo4j]: ir/neostore.nodestore.db.labels hit=0 miss=0 switches=0 ooe=0
2015-04-04 15:31:37.642+0000 INFO  [org.neo4j]: ir/neostore.nodestore.db hit=10 miss=0 switches=0 ooe=0
2015-04-04 15:31:37.643+0000 INFO  [org.neo4j]: ir/neostore.schemastore.db hit=0 miss=0 switches=0 ooe=0
2015-04-04 15:31:37.644+0000 INFO  [org.neo4j]: ir/neostore.relationshipgroupstore.db hit=0 miss=0 switches=0 ooe=0
2015-04-04 15:31:37.645+0000 INFO  [org.neo4j]: ir/neostore hit=0 miss=33 switches=0 ooe=0
2015-04-04 15:31:37.645+0000 INFO  [org.neo4j]: NeoStore closed
2015-04-04 15:31:37.646+0000 INFO  [org.neo4j]: --- STOPPING diagnostics START ---
2015-04-04 15:31:37.646+0000 INFO  [org.neo4j]: --- STOPPING diagnostics END ---
2015-04-04 16:23:31.545+0000 INFO  [org.neo4j]: You are using an unsupported version of the Java runtime. Please use Oracle(R) Java(TM) Runtime Environment 7 or OpenJDK(TM) 7.
2015-04-04 16:23:31.576+0000 INFO  [org.neo4j]: No locking implementation specified, defaulting to 'community'
2015-04-04 16:23:31.635+0000 INFO  [org.neo4j]: --- INITIALIZED diagnostics START ---
2015-04-04 16:23:31.636+0000 INFO  [org.neo4j]: Neo4j Kernel properties:
    neostore.propertystore.db.strings.mapped_memory=975M
    ephemeral=false
    neostore.nodestore.db.mapped_memory=307M
    store_dir=ir
    neostore.propertystore.db.arrays.mapped_memory=1138M
    neostore.relationshipgroupstore.db.mapped_memory=0M
    neostore.propertystore.db.mapped_memory=1114M
    neostore.relationshipstore.db.mapped_memory=1317M
2015-04-04 16:23:31.639+0000 INFO  [org.neo4j]: Diagnostics providers:
    org.neo4j.kernel.configuration.Config
    org.neo4j.kernel.info.DiagnosticsManager
    SYSTEM_MEMORY
    JAVA_MEMORY
    OPERATING_SYSTEM
    JAVA_VIRTUAL_MACHINE
    CLASSPATH
    LIBRARY_PATH
    SYSTEM_PROPERTIES
    LINUX_SCHEDULERS
    NETWORK
2015-04-04 16:23:31.640+0000 INFO  [org.neo4j]: System memory information:
    Total Physical memory: 15.57 GB
    Free Physical memory: 10.72 GB
    Committed virtual memory: 6.25 GB
    Total swap space: 15.26 GB
    Free swap space: 15.26 GB
2015-04-04 16:23:31.645+0000 INFO  [org.neo4j]: JVM memory information:
    Free  memory: 221.09 MB
    Total memory: 240.00 MB
    Max   memory: 3.46 GB
    Garbage Collector: PS Scavenge: [PS Eden Space, PS Survivor Space]
    Garbage Collector: PS MarkSweep: [PS Eden Space, PS Survivor Space, PS Old Gen]
    Memory Pool: Code Cache (Non-heap memory): committed=2.44 MB, used=2.32 MB, max=240.00 MB, threshold=0.00 B
    Memory Pool: Metaspace (Non-heap memory): committed=7.25 MB, used=6.92 MB, max=-1.00 B, threshold=0.00 B
    Memory Pool: Compressed Class Space (Non-heap memory): committed=1.00 MB, used=912.71 kB, max=1.00 GB, threshold=0.00 B
    Memory Pool: PS Eden Space (Heap memory): committed=63.00 MB, used=18.91 MB, max=1.28 GB, threshold=?
    Memory Pool: PS Survivor Space (Heap memory): committed=10.00 MB, used=0.00 B, max=10.00 MB, threshold=?
    Memory Pool: PS Old Gen (Heap memory): committed=167.00 MB, used=0.00 B, max=2.60 GB, threshold=0.00 B
2015-04-04 16:23:31.649+0000 INFO  [org.neo4j]: Operating system information:
    Operating System: Linux; version: 3.13.0-36-generic; arch: amd64; cpus: 4
    Max number of file descriptors: 4096
    Number of open file descriptors: 32
    Process id: 6523@chanllen-Inspiron-7537
    Byte order: LITTLE_ENDIAN
    Local timezone: America/New_York
2015-04-04 16:23:31.654+0000 INFO  [org.neo4j]: JVM information:
    VM Name: Java HotSpot(TM) 64-Bit Server VM
    VM Vendor: Oracle Corporation
    VM Version: 25.20-b23
    JIT compiler: HotSpot 64-Bit Tiered Compilers
    VM Arguments: [-Dfile.encoding=UTF-8, -Xbootclasspath:/usr/lib/jvm/jdk1.8.0_20/jre/lib/resources.jar:/usr/lib/jvm/jdk1.8.0_20/jre/lib/rt.jar:/usr/lib/jvm/jdk1.8.0_20/jre/lib/jsse.jar:/usr/lib/jvm/jdk1.8.0_20/jre/lib/jce.jar:/usr/lib/jvm/jdk1.8.0_20/jre/lib/charsets.jar:/usr/lib/jvm/jdk1.8.0_20/jre/lib/jfr.jar:/usr/lib/jvm/jdk1.8.0_20/lib/tools.jar]
2015-04-04 16:23:31.654+0000 INFO  [org.neo4j]: Java classpath:
     [classpath + loader.0] file:/home/chanllen/git/TwitterQA/lib/neo4j-graph-algo-2.1.7.jar
     [bootstrap] /usr/lib/jvm/jdk1.8.0_20/jre/lib/resources.jar
     [bootstrap] /usr/lib/jvm/jdk1.8.0_20/lib/tools.jar
     [classpath + loader.0] file:/home/chanllen/git/TwitterQA/lib/opencsv-2.3.jar
     [classpath + loader.0] file:/home/chanllen/git/TwitterQA/lib/neo4j-shell-2.1.7.jar
     [classpath + loader.0] file:/home/chanllen/git/TwitterQA/lib/server-api-2.1.7.jar
     [classpath + loader.0] file:/home/chanllen/git/TwitterQA/lib/neo4j-primitive-collections-2.1.7.jar
     [loader.1] file:/usr/lib/jvm/jdk1.8.0_20/jre/lib/ext/nashorn.jar
     [loader.1] file:/usr/lib/jvm/jdk1.8.0_20/jre/lib/ext/zipfs.jar
     [loader.1] file:/usr/lib/jvm/jdk1.8.0_20/jre/lib/ext/jfxrt.jar
     [classpath + loader.0] file:/home/chanllen/git/TwitterQA/lib/neo4j-cypher-compiler-2.1-2.1.7.jar
     [bootstrap] /usr/lib/jvm/jdk1.8.0_20/jre/lib/jfr.jar
     [classpath + loader.0] file:/home/chanllen/git/TwitterQA/lib/twitter4j-stream-4.0.2.jar
     [classpath + loader.0] file:/home/chanllen/git/TwitterQA/lib/concurrentlinkedhashmap-lru-1.3.1.jar
     [classpath + loader.0] file:/home/chanllen/git/TwitterQA/lib/neo4j-cypher-compiler-2.0-2.0.3.jar
     [classpath + loader.0] file:/home/chanllen/git/TwitterQA/lib/neo4j-graph-matching-2.1.7.jar
     [bootstrap] /usr/lib/jvm/jdk1.8.0_20/jre/lib/rt.jar
     [loader.1] file:/usr/lib/jvm/jdk1.8.0_20/jre/lib/ext/sunec.jar
     [classpath + loader.0] file:/home/chanllen/git/TwitterQA/lib/parboiled-scala_2.10-1.1.6.jar
     [bootstrap] /usr/lib/jvm/jdk1.8.0_20/jre/lib/charsets.jar
     [classpath + loader.0] file:/home/chanllen/git/TwitterQA/lib/lucene-core-3.6.2.jar
     [classpath + loader.0] file:/home/chanllen/git/TwitterQA/lib/neo4j-lucene-index-2.1.7.jar
     [classpath + loader.0] file:/home/chanllen/git/TwitterQA/lib/neo4j-udc-2.1.7.jar
     [classpath + loader.0] file:/home/chanllen/git/TwitterQA/bin/
     [classpath + loader.0] file:/home/chanllen/git/TwitterQA/lib/geronimo-jta_1.1_spec-1.1.1.jar
     [loader.1] file:/usr/lib/jvm/jdk1.8.0_20/jre/lib/ext/cldrdata.jar
     [classpath + loader.0] file:/home/chanllen/git/TwitterQA/lib/neo4j-cypher-commons-2.1.7.jar
     [classpath + loader.0] file:/home/chanllen/git/TwitterQA/lib/neo4j-kernel-2.1.7.jar
     [loader.1] file:/usr/lib/jvm/jdk1.8.0_20/jre/lib/ext/dnsns.jar
     [bootstrap] /usr/lib/jvm/jdk1.8.0_20/jre/lib/jce.jar
     [classpath + loader.0] file:/home/chanllen/git/TwitterQA/lib/neo4j-jmx-2.1.7.jar
     [classpath + loader.0] file:/home/chanllen/git/TwitterQA/lib/scala-library-2.10.4.jar
     [loader.1] file:/usr/lib/jvm/jdk1.8.0_20/jre/lib/ext/sunjce_provider.jar
     [classpath + loader.0] file:/home/chanllen/git/TwitterQA/lib/neo4j-cypher-2.1.7.jar
     [classpath + loader.0] file:/home/chanllen/git/TwitterQA/lib/neo4j-cypher-compiler-1.9-2.0.3.jar
     [classpath + loader.0] file:/home/chanllen/git/TwitterQA/lib/twitter4j-core-4.0.2.jar
     [bootstrap] /usr/lib/jvm/jdk1.8.0_20/jre/lib/jsse.jar
     [loader.1] file:/usr/lib/jvm/jdk1.8.0_20/jre/lib/ext/sunpkcs11.jar
     [classpath + loader.0] file:/home/chanllen/git/TwitterQA/lib/org.apache.servicemix.bundles.jline-0.9.94_1.jar
     [classpath + loader.0] file:/home/chanllen/git/TwitterQA/lib/parboiled-core-1.1.6.jar
     [loader.1] file:/usr/lib/jvm/jdk1.8.0_20/jre/lib/ext/localedata.jar
2015-04-04 16:23:31.655+0000 INFO  [org.neo4j]: Library path:
    /usr/java/packages/lib/amd64
    /usr/lib64
    /lib64
    /lib
    /usr/lib
2015-04-04 16:23:31.656+0000 INFO  [org.neo4j]: System.properties:
    sun.boot.library.path = /usr/lib/jvm/jdk1.8.0_20/jre/lib/amd64
    path.separator = :
    file.encoding.pkg = sun.io
    user.country = US
    sun.java.launcher = SUN_STANDARD
    sun.os.patch.level = unknown
    user.dir = /home/chanllen/git/TwitterQA
    sun.jnu.encoding = UTF-8
    sun.management.compiler = HotSpot 64-Bit Tiered Compilers
    user.home = /home/chanllen
    user.timezone = America/New_York
    file.encoding = UTF-8
    user.name = chanllen
    sun.java.command = qa.app.Question
    sun.arch.data.model = 64
    user.language = en
    awt.toolkit = sun.awt.X11.XToolkit
    file.separator = /
    sun.io.unicode.encoding = UnicodeLittle
    sun.cpu.endian = little
    sun.desktop = gnome
    sun.cpu.isalist = 
2015-04-04 16:23:31.656+0000 INFO  [org.neo4j]: Linux scheduler information:
    noop [deadline] cfq 
    none
    none
    none
    none
    none
    none
    none
    none
    none
    none
    none
    none
    none
    none
    none
    none
    none
    none
    none
    none
    none
    none
    none
    none
2015-04-04 16:23:31.658+0000 INFO  [org.neo4j]: Network information:
    Interface wlan0:
        address: fe80:0:0:0:fa16:54ff:fe4d:201%wlan0
        address: 150.212.241.249
    Interface lo:
        address: 0:0:0:0:0:0:0:1%lo
        address: 127.0.0.1
2015-04-04 16:23:31.659+0000 INFO  [org.neo4j]: --- INITIALIZED diagnostics END ---
2015-04-04 16:23:31.786+0000 INFO  [org.neo4j]: [ir/neostore.relationshiptypestore.db.names] brickCount=0 brickSize=0b mappedMem=0b (storeSize=152b)
2015-04-04 16:23:31.787+0000 INFO  [org.neo4j]: [ir/neostore.relationshiptypestore.db] brickCount=0 brickSize=0b mappedMem=0b (storeSize=15b)
2015-04-04 16:23:31.787+0000 INFO  [org.neo4j]: [ir/neostore.labeltokenstore.db.names] brickCount=0 brickSize=0b mappedMem=0b (storeSize=114b)
2015-04-04 16:23:31.788+0000 INFO  [org.neo4j]: [ir/neostore.labeltokenstore.db] brickCount=0 brickSize=0b mappedMem=0b (storeSize=10b)
2015-04-04 16:23:31.788+0000 INFO  [org.neo4j]: [ir/neostore.propertystore.db.strings] brickCount=0 brickSize=1022336b mappedMem=1022361600b (storeSize=128b)
2015-04-04 16:23:31.788+0000 INFO  [org.neo4j]: [ir/neostore.propertystore.db.index.keys] brickCount=0 brickSize=0b mappedMem=0b (storeSize=152b)
2015-04-04 16:23:31.788+0000 INFO  [org.neo4j]: [ir/neostore.propertystore.db.index] brickCount=0 brickSize=0b mappedMem=0b (storeSize=27b)
2015-04-04 16:23:31.789+0000 INFO  [org.neo4j]: [ir/neostore.propertystore.db.arrays] brickCount=0 brickSize=1193216b mappedMem=1193279488b (storeSize=128b)
2015-04-04 16:23:31.797+0000 INFO  [org.neo4j]: [ir/neostore.propertystore.db] brickCount=0 brickSize=1168090b mappedMem=1168113664b (storeSize=164b)
2015-04-04 16:23:31.799+0000 INFO  [org.neo4j]: [ir/neostore.relationshipstore.db] brickCount=0 brickSize=1380944b mappedMem=1380974592b (storeSize=136b)
2015-04-04 16:23:31.799+0000 INFO  [org.neo4j]: [ir/neostore.nodestore.db.labels] brickCount=0 brickSize=0b mappedMem=0b (storeSize=68b)
2015-04-04 16:23:31.800+0000 INFO  [org.neo4j]: [ir/neostore.nodestore.db] brickCount=0 brickSize=321900b mappedMem=321912832b (storeSize=60b)
2015-04-04 16:23:31.801+0000 INFO  [org.neo4j]: [ir/neostore.schemastore.db] brickCount=0 brickSize=0b mappedMem=0b (storeSize=64b)
2015-04-04 16:23:31.802+0000 INFO  [org.neo4j]: [ir/neostore.relationshipgroupstore.db] brickCount=0 brickSize=0b mappedMem=0b (storeSize=25b)
2015-04-04 16:23:31.803+0000 INFO  [org.neo4j]: [ir/neostore] brickCount=0 brickSize=0b mappedMem=0b (storeSize=81b)
2015-04-04 16:23:31.965+0000 INFO  [org.neo4j]: Opened logical log [ir/nioneo_logical.log.1] version=1, lastTxId=13 (clean)
2015-04-04 16:23:31.971+0000 INFO  [org.neo4j]: TM opening log: ir/tm_tx_log.1
2015-04-04 16:23:31.976+0000 INFO  [org.neo4j]: Kernel health set to OK
2015-04-04 16:23:31.984+0000 INFO  [org.neo4j]: Opened logical log [ir/index/lucene.log.1] version=1, lastTxId=1 (clean)
2015-04-04 16:23:31.999+0000 INFO  [org.neo4j]: --- STARTED diagnostics for KernelDiagnostics:Versions START ---
2015-04-04 16:23:31.999+0000 INFO  [org.neo4j]: Graph Database: org.neo4j.kernel.EmbeddedGraphDatabase StoreId{creationTime=1428161497114, randomId=-6792812091003649687, storeVersion=14406081294923270, upgradeTime=1428161497114, upgradeId=-6792812091003649687}
2015-04-04 16:23:31.999+0000 INFO  [org.neo4j]: Kernel version: Neo4j - Graph Database Kernel (neo4j-kernel), version: 2.1.7
2015-04-04 16:23:31.999+0000 INFO  [org.neo4j]: Neo4j component versions:
2015-04-04 16:23:32.003+0000 INFO  [org.neo4j]:   Neo4j - Cypher Compiler 1.9 (neo4j-cypher-compiler-1.9), version: 2.0.3; revision: 2.0.3:2.0-maint:72/307c563c11b75fdc71cfa6df05daf9b08d6c37dc
2015-04-04 16:23:32.003+0000 INFO  [org.neo4j]:   Neo4j - Cypher Commons (neo4j-cypher-commons), version: 2.1.7; revision: 2.1.7:2.1-maint:649/ed233fc1087f4549d1956b8ec4a504fe2f13a446
2015-04-04 16:23:32.003+0000 INFO  [org.neo4j]:   Neo4j Server API (server-api), version: 2.1.7; revision: 2.1.7:2.1-maint:649/ed233fc1087f4549d1956b8ec4a504fe2f13a446
2015-04-04 16:23:32.003+0000 INFO  [org.neo4j]:   Neo4j - Graph Database Kernel (neo4j-kernel), version: 2.1.7; revision: 2.1.7:2.1-maint:649/ed233fc1087f4549d1956b8ec4a504fe2f13a446
2015-04-04 16:23:32.003+0000 INFO  [org.neo4j]:   Neo4j - Cypher Compiler 2.1 (neo4j-cypher-compiler-2.1), version: 2.1.7; revision: 2.1.7:2.1-maint:649/ed233fc1087f4549d1956b8ec4a504fe2f13a446
2015-04-04 16:23:32.003+0000 INFO  [org.neo4j]:   Neo4j - Generic shell (neo4j-shell), version: 2.1.7; revision: 2.1.7:2.1-maint:649/ed233fc1087f4549d1956b8ec4a504fe2f13a446
2015-04-04 16:23:32.003+0000 INFO  [org.neo4j]:   neo4j-udc, version: 2.1.7; revision: 2.1.7:2.1-maint:649/ed233fc1087f4549d1956b8ec4a504fe2f13a446
2015-04-04 16:23:32.003+0000 INFO  [org.neo4j]:   Neo4j - Lucene Index (neo4j-lucene-index), version: 2.1.7; revision: 2.1.7:2.1-maint:649/ed233fc1087f4549d1956b8ec4a504fe2f13a446
2015-04-04 16:23:32.003+0000 INFO  [org.neo4j]:   Neo4j - Cypher Compiler 2.0 (neo4j-cypher-compiler-2.0), version: 2.0.3; revision: 2.0.3:2.0-maint:72/307c563c11b75fdc71cfa6df05daf9b08d6c37dc
2015-04-04 16:23:32.003+0000 INFO  [org.neo4j]:   Neo4j - Graph Matching (neo4j-graph-matching), version: 2.1.7; revision: 2.1.7:2.1-maint:649/ed233fc1087f4549d1956b8ec4a504fe2f13a446
2015-04-04 16:23:32.003+0000 INFO  [org.neo4j]:   Neo4j - JMX support (neo4j-jmx), version: 2.1.7; revision: 2.1.7:2.1-maint:649/ed233fc1087f4549d1956b8ec4a504fe2f13a446
2015-04-04 16:23:32.003+0000 INFO  [org.neo4j]:   Neo4j - Cypher (neo4j-cypher), version: 2.1.7; revision: 2.1.7:2.1-maint:649/ed233fc1087f4549d1956b8ec4a504fe2f13a446
2015-04-04 16:23:32.003+0000 INFO  [org.neo4j]:   Neo4j - Graph Algorithms (neo4j-graph-algo), version: 2.1.7; revision: 2.1.7:2.1-maint:649/ed233fc1087f4549d1956b8ec4a504fe2f13a446
2015-04-04 16:23:32.003+0000 INFO  [org.neo4j]: --- STARTED diagnostics for KernelDiagnostics:Versions END ---
2015-04-04 16:23:32.005+0000 INFO  [org.neo4j]: --- STARTED diagnostics for NEO_STORE_VERSIONS START ---
2015-04-04 16:23:32.005+0000 INFO  [org.neo4j]: Store versions:
    Store versions:
      NeoStore v0.A.3
      SchemaStore v0.A.3
      NodeStore v0.A.3
      RelationshipStore v0.A.3
      RelationshipTypeStore v0.A.3
      LabelTokenStore v0.A.3
      PropertyStore v0.A.3
      PropertyIndexStore v0.A.3
      StringPropertyStore v0.A.3
      ArrayPropertyStore v0.A.3
      RelationshipGroupStore v0.A.3
2015-04-04 16:23:32.005+0000 INFO  [org.neo4j]: --- STARTED diagnostics for NEO_STORE_VERSIONS END ---
2015-04-04 16:23:32.006+0000 INFO  [org.neo4j]: --- STARTED diagnostics for NEO_STORE_ID_USAGE START ---
2015-04-04 16:23:32.006+0000 INFO  [org.neo4j]: Id usage:
    Id usage:
      SchemaStore: used=1 high=0
      NodeStore: used=4 high=3
      RelationshipStore: used=4 high=3
      RelationshipTypeStore: used=3 high=2
      LabelTokenStore: used=2 high=1
      PropertyStore: used=4 high=3
      PropertyIndexStore: used=3 high=2
      StringPropertyStore: used=1 high=0
      ArrayPropertyStore: used=1 high=0
      RelationshipGroupStore: used=1 high=0
2015-04-04 16:23:32.006+0000 INFO  [org.neo4j]: --- STARTED diagnostics for NEO_STORE_ID_USAGE END ---
2015-04-04 16:23:32.006+0000 INFO  [org.neo4j]: --- STARTED diagnostics for PERSISTENCE_WINDOW_POOL_STATS START ---
2015-04-04 16:23:32.006+0000 INFO  [org.neo4j]: --- STARTED diagnostics for PERSISTENCE_WINDOW_POOL_STATS END ---
2015-04-04 16:23:32.007+0000 INFO  [org.neo4j]: --- STARTED diagnostics for KernelDiagnostics:StoreFiles START ---
2015-04-04 16:23:32.007+0000 INFO  [org.neo4j]: Disk space on partition (Total / Free / Free %): 76916334592 / 61156532224 / 79
Storage files: (filename : modification date - size)
      active_tx_log: 2015-04-04T11:38:10-0400 - 11.00 B
      index:
        lucene-store.db: 2015-04-04T11:38:10-0400 - 40.00 B
        lucene.log.1: 2015-04-04T12:23:31-0400 - 16.00 B
        lucene.log.active: 2015-04-04T12:23:31-0400 - 4.00 B
        lucene.log.v0: 2015-04-04T11:38:10-0400 - 16.00 B
      - Total: 2015-04-04T12:23:31-0400 - 76.00 B
      lock: 2015-04-04T12:23:31-0400 - 0.00 B
      messages.log: 2015-04-04T12:23:32-0400 - 42.27 kB
      neostore: 2015-04-04T12:23:31-0400 - 81.00 B
      neostore.id: 2015-04-04T12:23:31-0400 - 9.00 B
      neostore.labeltokenstore.db: 2015-04-04T12:23:31-0400 - 10.00 B
      neostore.labeltokenstore.db.id: 2015-04-04T12:23:31-0400 - 9.00 B
      neostore.labeltokenstore.db.names: 2015-04-04T12:23:31-0400 - 114.00 B
      neostore.labeltokenstore.db.names.id: 2015-04-04T12:23:31-0400 - 9.00 B
      neostore.nodestore.db: 2015-04-04T12:23:31-0400 - 60.00 B
      neostore.nodestore.db.id: 2015-04-04T12:23:31-0400 - 9.00 B
      neostore.nodestore.db.labels: 2015-04-04T12:23:31-0400 - 68.00 B
      neostore.nodestore.db.labels.id: 2015-04-04T12:23:31-0400 - 9.00 B
      neostore.propertystore.db: 2015-04-04T12:23:31-0400 - 164.00 B
      neostore.propertystore.db.arrays: 2015-04-04T12:23:31-0400 - 128.00 B
      neostore.propertystore.db.arrays.id: 2015-04-04T12:23:31-0400 - 9.00 B
      neostore.propertystore.db.id: 2015-04-04T12:23:31-0400 - 9.00 B
      neostore.propertystore.db.index: 2015-04-04T12:23:31-0400 - 27.00 B
      neostore.propertystore.db.index.id: 2015-04-04T12:23:31-0400 - 9.00 B
      neostore.propertystore.db.index.keys: 2015-04-04T12:23:31-0400 - 152.00 B
      neostore.propertystore.db.index.keys.id: 2015-04-04T12:23:31-0400 - 9.00 B
      neostore.propertystore.db.strings: 2015-04-04T12:23:31-0400 - 128.00 B
      neostore.propertystore.db.strings.id: 2015-04-04T12:23:31-0400 - 9.00 B
      neostore.relationshipgroupstore.db: 2015-04-04T12:23:31-0400 - 25.00 B
      neostore.relationshipgroupstore.db.id: 2015-04-04T12:23:31-0400 - 9.00 B
      neostore.relationshipstore.db: 2015-04-04T12:23:31-0400 - 136.00 B
      neostore.relationshipstore.db.id: 2015-04-04T12:23:31-0400 - 9.00 B
      neostore.relationshiptypestore.db: 2015-04-04T12:23:31-0400 - 15.00 B
      neostore.relationshiptypestore.db.id: 2015-04-04T12:23:31-0400 - 9.00 B
      neostore.relationshiptypestore.db.names: 2015-04-04T12:23:31-0400 - 152.00 B
      neostore.relationshiptypestore.db.names.id: 2015-04-04T12:23:31-0400 - 9.00 B
      neostore.schemastore.db: 2015-04-04T12:23:31-0400 - 64.00 B
      neostore.schemastore.db.id: 2015-04-04T12:23:31-0400 - 9.00 B
      nioneo_logical.log.1: 2015-04-04T12:23:31-0400 - 16.00 B
      nioneo_logical.log.active: 2015-04-04T12:23:31-0400 - 4.00 B
      nioneo_logical.log.v0: 2015-04-04T11:38:10-0400 - 2.83 kB
      schema:
        label:
          lucene:
            _3.cfs: 2015-04-04T11:38:11-0400 - 243.00 B
            segments.gen: 2015-04-04T11:38:11-0400 - 20.00 B
            segments_1: 2015-04-04T11:38:10-0400 - 243.00 B
            write.lock: 2015-04-04T12:23:31-0400 - 0.00 B
          - Total: 2015-04-04T12:23:31-0400 - 506.00 B
        - Total: 2015-04-04T11:38:10-0400 - 506.00 B
      - Total: 2015-04-04T11:38:10-0400 - 506.00 B
      store_lock: 2015-04-04T11:38:10-0400 - 0.00 B
      tm_tx_log.1: 2015-04-04T12:23:31-0400 - 0.00 B
2015-04-04 16:23:59.821+0000 INFO  [org.neo4j]: You are using an unsupported version of the Java runtime. Please use Oracle(R) Java(TM) Runtime Environment 7 or OpenJDK(TM) 7.
2015-04-04 16:23:59.847+0000 INFO  [org.neo4j]: No locking implementation specified, defaulting to 'community'
2015-04-04 16:23:59.907+0000 INFO  [org.neo4j]: --- INITIALIZED diagnostics START ---
2015-04-04 16:23:59.908+0000 INFO  [org.neo4j]: Neo4j Kernel properties:
    neostore.propertystore.db.strings.mapped_memory=975M
    ephemeral=false
    neostore.nodestore.db.mapped_memory=307M
    store_dir=ir
    neostore.propertystore.db.arrays.mapped_memory=1138M
    neostore.relationshipgroupstore.db.mapped_memory=0M
    neostore.propertystore.db.mapped_memory=1114M
    neostore.relationshipstore.db.mapped_memory=1317M
2015-04-04 16:23:59.912+0000 INFO  [org.neo4j]: Diagnostics providers:
    org.neo4j.kernel.configuration.Config
    org.neo4j.kernel.info.DiagnosticsManager
    SYSTEM_MEMORY
    JAVA_MEMORY
    OPERATING_SYSTEM
    JAVA_VIRTUAL_MACHINE
    CLASSPATH
    LIBRARY_PATH
    SYSTEM_PROPERTIES
    LINUX_SCHEDULERS
    NETWORK
2015-04-04 16:23:59.912+0000 INFO  [org.neo4j]: System memory information:
    Total Physical memory: 15.57 GB
    Free Physical memory: 10.73 GB
    Committed virtual memory: 6.25 GB
    Total swap space: 15.26 GB
    Free swap space: 15.26 GB
2015-04-04 16:23:59.917+0000 INFO  [org.neo4j]: JVM memory information:
    Free  memory: 221.08 MB
    Total memory: 240.00 MB
    Max   memory: 3.46 GB
    Garbage Collector: PS Scavenge: [PS Eden Space, PS Survivor Space]
    Garbage Collector: PS MarkSweep: [PS Eden Space, PS Survivor Space, PS Old Gen]
    Memory Pool: Code Cache (Non-heap memory): committed=2.44 MB, used=2.28 MB, max=240.00 MB, threshold=0.00 B
    Memory Pool: Metaspace (Non-heap memory): committed=7.25 MB, used=6.92 MB, max=-1.00 B, threshold=0.00 B
    Memory Pool: Compressed Class Space (Non-heap memory): committed=1.00 MB, used=912.71 kB, max=1.00 GB, threshold=0.00 B
    Memory Pool: PS Eden Space (Heap memory): committed=63.00 MB, used=18.92 MB, max=1.28 GB, threshold=?
    Memory Pool: PS Survivor Space (Heap memory): committed=10.00 MB, used=0.00 B, max=10.00 MB, threshold=?
    Memory Pool: PS Old Gen (Heap memory): committed=167.00 MB, used=0.00 B, max=2.60 GB, threshold=0.00 B
2015-04-04 16:23:59.920+0000 INFO  [org.neo4j]: Operating system information:
    Operating System: Linux; version: 3.13.0-36-generic; arch: amd64; cpus: 4
    Max number of file descriptors: 4096
    Number of open file descriptors: 32
    Process id: 6556@chanllen-Inspiron-7537
    Byte order: LITTLE_ENDIAN
    Local timezone: America/New_York
2015-04-04 16:23:59.925+0000 INFO  [org.neo4j]: JVM information:
    VM Name: Java HotSpot(TM) 64-Bit Server VM
    VM Vendor: Oracle Corporation
    VM Version: 25.20-b23
    JIT compiler: HotSpot 64-Bit Tiered Compilers
    VM Arguments: [-Dfile.encoding=UTF-8, -Xbootclasspath:/usr/lib/jvm/jdk1.8.0_20/jre/lib/resources.jar:/usr/lib/jvm/jdk1.8.0_20/jre/lib/rt.jar:/usr/lib/jvm/jdk1.8.0_20/jre/lib/jsse.jar:/usr/lib/jvm/jdk1.8.0_20/jre/lib/jce.jar:/usr/lib/jvm/jdk1.8.0_20/jre/lib/charsets.jar:/usr/lib/jvm/jdk1.8.0_20/jre/lib/jfr.jar:/usr/lib/jvm/jdk1.8.0_20/lib/tools.jar]
2015-04-04 16:23:59.926+0000 INFO  [org.neo4j]: Java classpath:
     [classpath + loader.0] file:/home/chanllen/git/TwitterQA/lib/neo4j-graph-algo-2.1.7.jar
     [bootstrap] /usr/lib/jvm/jdk1.8.0_20/jre/lib/resources.jar
     [bootstrap] /usr/lib/jvm/jdk1.8.0_20/lib/tools.jar
     [classpath + loader.0] file:/home/chanllen/git/TwitterQA/lib/opencsv-2.3.jar
     [classpath + loader.0] file:/home/chanllen/git/TwitterQA/lib/neo4j-shell-2.1.7.jar
     [classpath + loader.0] file:/home/chanllen/git/TwitterQA/lib/server-api-2.1.7.jar
     [classpath + loader.0] file:/home/chanllen/git/TwitterQA/lib/neo4j-primitive-collections-2.1.7.jar
     [loader.1] file:/usr/lib/jvm/jdk1.8.0_20/jre/lib/ext/nashorn.jar
     [loader.1] file:/usr/lib/jvm/jdk1.8.0_20/jre/lib/ext/zipfs.jar
     [loader.1] file:/usr/lib/jvm/jdk1.8.0_20/jre/lib/ext/jfxrt.jar
     [classpath + loader.0] file:/home/chanllen/git/TwitterQA/lib/neo4j-cypher-compiler-2.1-2.1.7.jar
     [bootstrap] /usr/lib/jvm/jdk1.8.0_20/jre/lib/jfr.jar
     [classpath + loader.0] file:/home/chanllen/git/TwitterQA/lib/twitter4j-stream-4.0.2.jar
     [classpath + loader.0] file:/home/chanllen/git/TwitterQA/lib/concurrentlinkedhashmap-lru-1.3.1.jar
     [classpath + loader.0] file:/home/chanllen/git/TwitterQA/lib/neo4j-cypher-compiler-2.0-2.0.3.jar
     [classpath + loader.0] file:/home/chanllen/git/TwitterQA/lib/neo4j-graph-matching-2.1.7.jar
     [bootstrap] /usr/lib/jvm/jdk1.8.0_20/jre/lib/rt.jar
     [loader.1] file:/usr/lib/jvm/jdk1.8.0_20/jre/lib/ext/sunec.jar
     [classpath + loader.0] file:/home/chanllen/git/TwitterQA/lib/parboiled-scala_2.10-1.1.6.jar
     [bootstrap] /usr/lib/jvm/jdk1.8.0_20/jre/lib/charsets.jar
     [classpath + loader.0] file:/home/chanllen/git/TwitterQA/lib/lucene-core-3.6.2.jar
     [classpath + loader.0] file:/home/chanllen/git/TwitterQA/lib/neo4j-lucene-index-2.1.7.jar
     [classpath + loader.0] file:/home/chanllen/git/TwitterQA/lib/neo4j-udc-2.1.7.jar
     [classpath + loader.0] file:/home/chanllen/git/TwitterQA/bin/
     [classpath + loader.0] file:/home/chanllen/git/TwitterQA/lib/geronimo-jta_1.1_spec-1.1.1.jar
     [loader.1] file:/usr/lib/jvm/jdk1.8.0_20/jre/lib/ext/cldrdata.jar
     [classpath + loader.0] file:/home/chanllen/git/TwitterQA/lib/neo4j-cypher-commons-2.1.7.jar
     [classpath + loader.0] file:/home/chanllen/git/TwitterQA/lib/neo4j-kernel-2.1.7.jar
     [loader.1] file:/usr/lib/jvm/jdk1.8.0_20/jre/lib/ext/dnsns.jar
     [bootstrap] /usr/lib/jvm/jdk1.8.0_20/jre/lib/jce.jar
     [classpath + loader.0] file:/home/chanllen/git/TwitterQA/lib/neo4j-jmx-2.1.7.jar
     [classpath + loader.0] file:/home/chanllen/git/TwitterQA/lib/scala-library-2.10.4.jar
     [loader.1] file:/usr/lib/jvm/jdk1.8.0_20/jre/lib/ext/sunjce_provider.jar
     [classpath + loader.0] file:/home/chanllen/git/TwitterQA/lib/neo4j-cypher-2.1.7.jar
     [classpath + loader.0] file:/home/chanllen/git/TwitterQA/lib/neo4j-cypher-compiler-1.9-2.0.3.jar
     [classpath + loader.0] file:/home/chanllen/git/TwitterQA/lib/twitter4j-core-4.0.2.jar
     [bootstrap] /usr/lib/jvm/jdk1.8.0_20/jre/lib/jsse.jar
     [loader.1] file:/usr/lib/jvm/jdk1.8.0_20/jre/lib/ext/sunpkcs11.jar
     [classpath + loader.0] file:/home/chanllen/git/TwitterQA/lib/org.apache.servicemix.bundles.jline-0.9.94_1.jar
     [classpath + loader.0] file:/home/chanllen/git/TwitterQA/lib/parboiled-core-1.1.6.jar
     [loader.1] file:/usr/lib/jvm/jdk1.8.0_20/jre/lib/ext/localedata.jar
2015-04-04 16:23:59.927+0000 INFO  [org.neo4j]: Library path:
    /usr/java/packages/lib/amd64
    /usr/lib64
    /lib64
    /lib
    /usr/lib
2015-04-04 16:23:59.927+0000 INFO  [org.neo4j]: System.properties:
    sun.boot.library.path = /usr/lib/jvm/jdk1.8.0_20/jre/lib/amd64
    path.separator = :
    file.encoding.pkg = sun.io
    user.country = US
    sun.java.launcher = SUN_STANDARD
    sun.os.patch.level = unknown
    user.dir = /home/chanllen/git/TwitterQA
    sun.jnu.encoding = UTF-8
    sun.management.compiler = HotSpot 64-Bit Tiered Compilers
    user.home = /home/chanllen
    user.timezone = America/New_York
    file.encoding = UTF-8
    user.name = chanllen
    sun.java.command = qa.app.Question
    sun.arch.data.model = 64
    user.language = en
    awt.toolkit = sun.awt.X11.XToolkit
    file.separator = /
    sun.io.unicode.encoding = UnicodeLittle
    sun.cpu.endian = little
    sun.desktop = gnome
    sun.cpu.isalist = 
2015-04-04 16:23:59.928+0000 INFO  [org.neo4j]: Linux scheduler information:
    noop [deadline] cfq 
    none
    none
    none
    none
    none
    none
    none
    none
    none
    none
    none
    none
    none
    none
    none
    none
    none
    none
    none
    none
    none
    none
    none
    none
2015-04-04 16:23:59.930+0000 INFO  [org.neo4j]: Network information:
    Interface wlan0:
        address: fe80:0:0:0:fa16:54ff:fe4d:201%wlan0
        address: 150.212.241.249
    Interface lo:
        address: 0:0:0:0:0:0:0:1%lo
        address: 127.0.0.1
2015-04-04 16:23:59.932+0000 INFO  [org.neo4j]: --- INITIALIZED diagnostics END ---
2015-04-04 16:24:00.047+0000 INFO  [org.neo4j]: ir/neostore.relationshiptypestore.db.names non clean shutdown detected
2015-04-04 16:24:00.051+0000 INFO  [org.neo4j]: [ir/neostore.relationshiptypestore.db.names] brickCount=0 brickSize=0b mappedMem=0b (storeSize=152b)
2015-04-04 16:24:00.052+0000 INFO  [org.neo4j]: ir/neostore.relationshiptypestore.db non clean shutdown detected
2015-04-04 16:24:00.052+0000 INFO  [org.neo4j]: [ir/neostore.relationshiptypestore.db] brickCount=0 brickSize=0b mappedMem=0b (storeSize=15b)
2015-04-04 16:24:00.053+0000 INFO  [org.neo4j]: ir/neostore.labeltokenstore.db.names non clean shutdown detected
2015-04-04 16:24:00.053+0000 INFO  [org.neo4j]: [ir/neostore.labeltokenstore.db.names] brickCount=0 brickSize=0b mappedMem=0b (storeSize=114b)
2015-04-04 16:24:00.053+0000 INFO  [org.neo4j]: ir/neostore.labeltokenstore.db non clean shutdown detected
2015-04-04 16:24:00.053+0000 INFO  [org.neo4j]: [ir/neostore.labeltokenstore.db] brickCount=0 brickSize=0b mappedMem=0b (storeSize=10b)
2015-04-04 16:24:00.054+0000 INFO  [org.neo4j]: ir/neostore.propertystore.db.strings non clean shutdown detected
2015-04-04 16:24:00.054+0000 INFO  [org.neo4j]: [ir/neostore.propertystore.db.strings] brickCount=0 brickSize=1022336b mappedMem=1022361600b (storeSize=128b)
2015-04-04 16:24:00.054+0000 INFO  [org.neo4j]: ir/neostore.propertystore.db.index.keys non clean shutdown detected
2015-04-04 16:24:00.058+0000 INFO  [org.neo4j]: [ir/neostore.propertystore.db.index.keys] brickCount=0 brickSize=0b mappedMem=0b (storeSize=152b)
2015-04-04 16:24:00.059+0000 INFO  [org.neo4j]: ir/neostore.propertystore.db.index non clean shutdown detected
2015-04-04 16:24:00.059+0000 INFO  [org.neo4j]: [ir/neostore.propertystore.db.index] brickCount=0 brickSize=0b mappedMem=0b (storeSize=27b)
2015-04-04 16:24:00.060+0000 INFO  [org.neo4j]: ir/neostore.propertystore.db.arrays non clean shutdown detected
2015-04-04 16:24:00.060+0000 INFO  [org.neo4j]: [ir/neostore.propertystore.db.arrays] brickCount=0 brickSize=1193216b mappedMem=1193279488b (storeSize=128b)
2015-04-04 16:24:00.069+0000 INFO  [org.neo4j]: ir/neostore.propertystore.db non clean shutdown detected
2015-04-04 16:24:00.069+0000 INFO  [org.neo4j]: [ir/neostore.propertystore.db] brickCount=0 brickSize=1168090b mappedMem=1168113664b (storeSize=164b)
2015-04-04 16:24:00.072+0000 INFO  [org.neo4j]: ir/neostore.relationshipstore.db non clean shutdown detected
2015-04-04 16:24:00.072+0000 INFO  [org.neo4j]: [ir/neostore.relationshipstore.db] brickCount=0 brickSize=1380944b mappedMem=1380974592b (storeSize=136b)
2015-04-04 16:24:00.072+0000 INFO  [org.neo4j]: ir/neostore.nodestore.db.labels non clean shutdown detected
2015-04-04 16:24:00.072+0000 INFO  [org.neo4j]: [ir/neostore.nodestore.db.labels] brickCount=0 brickSize=0b mappedMem=0b (storeSize=68b)
2015-04-04 16:24:00.074+0000 INFO  [org.neo4j]: ir/neostore.nodestore.db non clean shutdown detected
2015-04-04 16:24:00.074+0000 INFO  [org.neo4j]: [ir/neostore.nodestore.db] brickCount=0 brickSize=321900b mappedMem=321912832b (storeSize=60b)
2015-04-04 16:24:00.075+0000 INFO  [org.neo4j]: ir/neostore.schemastore.db non clean shutdown detected
2015-04-04 16:24:00.075+0000 INFO  [org.neo4j]: [ir/neostore.schemastore.db] brickCount=0 brickSize=0b mappedMem=0b (storeSize=64b)
2015-04-04 16:24:00.077+0000 INFO  [org.neo4j]: ir/neostore.relationshipgroupstore.db non clean shutdown detected
2015-04-04 16:24:00.077+0000 INFO  [org.neo4j]: [ir/neostore.relationshipgroupstore.db] brickCount=0 brickSize=0b mappedMem=0b (storeSize=25b)
2015-04-04 16:24:00.078+0000 INFO  [org.neo4j]: ir/neostore non clean shutdown detected
2015-04-04 16:24:00.078+0000 INFO  [org.neo4j]: [ir/neostore] brickCount=0 brickSize=0b mappedMem=0b (storeSize=81b)
2015-04-04 16:24:00.223+0000 INFO  [org.neo4j]: Non clean shutdown detected on log [ir/nioneo_logical.log.1]. Recovery started ...
2015-04-04 16:24:00.224+0000 INFO  [org.neo4j]: [ir/nioneo_logical.log.1] logVersion=1 with committed tx=13
2015-04-04 16:24:00.227+0000 INFO  [org.neo4j]: [ir/nioneo_logical.log.1] entries found=0 lastEntryPos=16
2015-04-04 16:24:00.227+0000 INFO  [org.neo4j]: Opened logical log [ir/nioneo_logical.log.1] version=1, lastTxId=-1 (recovered)
2015-04-04 16:24:00.227+0000 INFO  [org.neo4j]: XaResourceManager[nioneo_logical.log] sorting 0 xids
2015-04-04 16:24:00.228+0000 INFO  [org.neo4j]: XaResourceManager[nioneo_logical.log] checkRecoveryComplete 0 xids
2015-04-04 16:24:00.247+0000 INFO  [org.neo4j]: ir/neostore.relationshiptypestore.db.names rebuild id generator, highId=4 defragged count=0
2015-04-04 16:24:00.255+0000 INFO  [org.neo4j]: ir/neostore.relationshiptypestore.db rebuild id generator, highId=3 defragged count=0
2015-04-04 16:24:00.263+0000 INFO  [org.neo4j]: ir/neostore.labeltokenstore.db.names rebuild id generator, highId=3 defragged count=0
2015-04-04 16:24:00.271+0000 INFO  [org.neo4j]: ir/neostore.labeltokenstore.db rebuild id generator, highId=2 defragged count=0
2015-04-04 16:24:00.279+0000 INFO  [org.neo4j]: ir/neostore.propertystore.db.index.keys rebuild id generator, highId=4 defragged count=0
2015-04-04 16:24:00.287+0000 INFO  [org.neo4j]: ir/neostore.propertystore.db.index rebuild id generator, highId=3 defragged count=0
2015-04-04 16:24:00.294+0000 INFO  [org.neo4j]: ir/neostore.propertystore.db.strings rebuild id generator, highId=1 defragged count=0
2015-04-04 16:24:00.302+0000 INFO  [org.neo4j]: ir/neostore.propertystore.db.arrays rebuild id generator, highId=1 defragged count=0
2015-04-04 16:24:00.310+0000 INFO  [org.neo4j]: ir/neostore.propertystore.db rebuild id generator, highId=4 defragged count=0
2015-04-04 16:24:00.314+0000 INFO  [org.neo4j]: ir/neostore.relationshipstore.db rebuild id generator, highId=4 defragged count=0
2015-04-04 16:24:00.318+0000 INFO  [org.neo4j]: ir/neostore.nodestore.db.labels rebuild id generator, highId=1 defragged count=0
2015-04-04 16:24:00.327+0000 INFO  [org.neo4j]: ir/neostore.nodestore.db rebuild id generator, highId=4 defragged count=0
2015-04-04 16:24:00.332+0000 INFO  [org.neo4j]: ir/neostore.schemastore.db rebuild id generator, highId=1 defragged count=0
2015-04-04 16:24:00.340+0000 INFO  [org.neo4j]: ir/neostore.relationshipgroupstore.db rebuild id generator, highId=1 defragged count=0
2015-04-04 16:24:00.343+0000 INFO  [org.neo4j]: ir/neostore rebuild id generator, highId=9 defragged count=0
2015-04-04 16:24:00.344+0000 INFO  [org.neo4j]: XaResourceManager[nioneo_logical.log] recovery completed.
2015-04-04 16:24:00.344+0000 INFO  [org.neo4j]: Recovery on log [ir/nioneo_logical.log.1] completed.
2015-04-04 16:24:00.347+0000 INFO  [org.neo4j]: TM opening log: ir/tm_tx_log.1
2015-04-04 16:24:00.351+0000 INFO  [org.neo4j]: Kernel health set to OK
2015-04-04 16:24:00.358+0000 INFO  [org.neo4j]: Non clean shutdown detected on log [ir/index/lucene.log.1]. Recovery started ...
2015-04-04 16:24:00.358+0000 INFO  [org.neo4j]: [ir/index/lucene.log.1] logVersion=1 with committed tx=1
2015-04-04 16:24:00.358+0000 INFO  [org.neo4j]: [ir/index/lucene.log.1] entries found=0 lastEntryPos=16
2015-04-04 16:24:00.358+0000 INFO  [org.neo4j]: Opened logical log [ir/index/lucene.log.1] version=1, lastTxId=-1 (recovered)
2015-04-04 16:24:00.358+0000 INFO  [org.neo4j]: XaResourceManager[lucene.log] sorting 0 xids
2015-04-04 16:24:00.358+0000 INFO  [org.neo4j]: XaResourceManager[lucene.log] checkRecoveryComplete 0 xids
2015-04-04 16:24:00.358+0000 INFO  [org.neo4j]: XaResourceManager[lucene.log] recovery completed.
2015-04-04 16:24:00.358+0000 INFO  [org.neo4j]: Recovery on log [ir/index/lucene.log.1] completed.
2015-04-04 16:24:00.370+0000 INFO  [org.neo4j]: --- STARTED diagnostics for KernelDiagnostics:Versions START ---
2015-04-04 16:24:00.370+0000 INFO  [org.neo4j]: Graph Database: org.neo4j.kernel.EmbeddedGraphDatabase StoreId{creationTime=1428161497114, randomId=-6792812091003649687, storeVersion=14406081294923270, upgradeTime=1428161497114, upgradeId=-6792812091003649687}
2015-04-04 16:24:00.371+0000 INFO  [org.neo4j]: Kernel version: Neo4j - Graph Database Kernel (neo4j-kernel), version: 2.1.7
2015-04-04 16:24:00.371+0000 INFO  [org.neo4j]: Neo4j component versions:
2015-04-04 16:24:00.375+0000 INFO  [org.neo4j]:   Neo4j - Cypher Compiler 1.9 (neo4j-cypher-compiler-1.9), version: 2.0.3; revision: 2.0.3:2.0-maint:72/307c563c11b75fdc71cfa6df05daf9b08d6c37dc
2015-04-04 16:24:00.375+0000 INFO  [org.neo4j]:   Neo4j - Cypher Commons (neo4j-cypher-commons), version: 2.1.7; revision: 2.1.7:2.1-maint:649/ed233fc1087f4549d1956b8ec4a504fe2f13a446
2015-04-04 16:24:00.375+0000 INFO  [org.neo4j]:   Neo4j Server API (server-api), version: 2.1.7; revision: 2.1.7:2.1-maint:649/ed233fc1087f4549d1956b8ec4a504fe2f13a446
2015-04-04 16:24:00.375+0000 INFO  [org.neo4j]:   Neo4j - Graph Database Kernel (neo4j-kernel), version: 2.1.7; revision: 2.1.7:2.1-maint:649/ed233fc1087f4549d1956b8ec4a504fe2f13a446
2015-04-04 16:24:00.375+0000 INFO  [org.neo4j]:   Neo4j - Cypher Compiler 2.1 (neo4j-cypher-compiler-2.1), version: 2.1.7; revision: 2.1.7:2.1-maint:649/ed233fc1087f4549d1956b8ec4a504fe2f13a446
2015-04-04 16:24:00.375+0000 INFO  [org.neo4j]:   Neo4j - Generic shell (neo4j-shell), version: 2.1.7; revision: 2.1.7:2.1-maint:649/ed233fc1087f4549d1956b8ec4a504fe2f13a446
2015-04-04 16:24:00.375+0000 INFO  [org.neo4j]:   neo4j-udc, version: 2.1.7; revision: 2.1.7:2.1-maint:649/ed233fc1087f4549d1956b8ec4a504fe2f13a446
2015-04-04 16:24:00.375+0000 INFO  [org.neo4j]:   Neo4j - Lucene Index (neo4j-lucene-index), version: 2.1.7; revision: 2.1.7:2.1-maint:649/ed233fc1087f4549d1956b8ec4a504fe2f13a446
2015-04-04 16:24:00.375+0000 INFO  [org.neo4j]:   Neo4j - Cypher Compiler 2.0 (neo4j-cypher-compiler-2.0), version: 2.0.3; revision: 2.0.3:2.0-maint:72/307c563c11b75fdc71cfa6df05daf9b08d6c37dc
2015-04-04 16:24:00.375+0000 INFO  [org.neo4j]:   Neo4j - Graph Matching (neo4j-graph-matching), version: 2.1.7; revision: 2.1.7:2.1-maint:649/ed233fc1087f4549d1956b8ec4a504fe2f13a446
2015-04-04 16:24:00.375+0000 INFO  [org.neo4j]:   Neo4j - JMX support (neo4j-jmx), version: 2.1.7; revision: 2.1.7:2.1-maint:649/ed233fc1087f4549d1956b8ec4a504fe2f13a446
2015-04-04 16:24:00.375+0000 INFO  [org.neo4j]:   Neo4j - Cypher (neo4j-cypher), version: 2.1.7; revision: 2.1.7:2.1-maint:649/ed233fc1087f4549d1956b8ec4a504fe2f13a446
2015-04-04 16:24:00.376+0000 INFO  [org.neo4j]:   Neo4j - Graph Algorithms (neo4j-graph-algo), version: 2.1.7; revision: 2.1.7:2.1-maint:649/ed233fc1087f4549d1956b8ec4a504fe2f13a446
2015-04-04 16:24:00.376+0000 INFO  [org.neo4j]: --- STARTED diagnostics for KernelDiagnostics:Versions END ---
2015-04-04 16:24:00.377+0000 INFO  [org.neo4j]: --- STARTED diagnostics for NEO_STORE_VERSIONS START ---
2015-04-04 16:24:00.378+0000 INFO  [org.neo4j]: Store versions:
    Store versions:
      NeoStore v0.A.3
      SchemaStore v0.A.3
      NodeStore v0.A.3
      RelationshipStore v0.A.3
      RelationshipTypeStore v0.A.3
      LabelTokenStore v0.A.3
      PropertyStore v0.A.3
      PropertyIndexStore v0.A.3
      StringPropertyStore v0.A.3
      ArrayPropertyStore v0.A.3
      RelationshipGroupStore v0.A.3
2015-04-04 16:24:00.378+0000 INFO  [org.neo4j]: --- STARTED diagnostics for NEO_STORE_VERSIONS END ---
2015-04-04 16:24:00.378+0000 INFO  [org.neo4j]: --- STARTED diagnostics for NEO_STORE_ID_USAGE START ---
2015-04-04 16:24:00.378+0000 INFO  [org.neo4j]: Id usage:
    Id usage:
      SchemaStore: used=1 high=0
      NodeStore: used=4 high=3
      RelationshipStore: used=4 high=3
      RelationshipTypeStore: used=3 high=2
      LabelTokenStore: used=2 high=1
      PropertyStore: used=4 high=3
      PropertyIndexStore: used=3 high=2
      StringPropertyStore: used=1 high=0
      ArrayPropertyStore: used=1 high=0
      RelationshipGroupStore: used=1 high=0
2015-04-04 16:24:00.379+0000 INFO  [org.neo4j]: --- STARTED diagnostics for NEO_STORE_ID_USAGE END ---
2015-04-04 16:24:00.379+0000 INFO  [org.neo4j]: --- STARTED diagnostics for PERSISTENCE_WINDOW_POOL_STATS START ---
2015-04-04 16:24:00.379+0000 INFO  [org.neo4j]: --- STARTED diagnostics for PERSISTENCE_WINDOW_POOL_STATS END ---
2015-04-04 16:24:00.379+0000 INFO  [org.neo4j]: --- STARTED diagnostics for KernelDiagnostics:StoreFiles START ---
2015-04-04 16:24:00.380+0000 INFO  [org.neo4j]: Disk space on partition (Total / Free / Free %): 76916334592 / 61156556800 / 79
Storage files: (filename : modification date - size)
      active_tx_log: 2015-04-04T11:38:10-0400 - 11.00 B
      index:
        lucene-store.db: 2015-04-04T11:38:10-0400 - 40.00 B
        lucene.log.1: 2015-04-04T12:23:31-0400 - 16.00 B
        lucene.log.active: 2015-04-04T12:23:31-0400 - 4.00 B
        lucene.log.v0: 2015-04-04T11:38:10-0400 - 16.00 B
      - Total: 2015-04-04T12:23:31-0400 - 76.00 B
      lock: 2015-04-04T12:23:31-0400 - 0.00 B
      messages.log: 2015-04-04T12:24:00-0400 - 65.87 kB
      neostore: 2015-04-04T12:24:00-0400 - 81.00 B
      neostore.id: 2015-04-04T12:24:00-0400 - 9.00 B
      neostore.labeltokenstore.db: 2015-04-04T12:23:31-0400 - 10.00 B
      neostore.labeltokenstore.db.id: 2015-04-04T12:24:00-0400 - 9.00 B
      neostore.labeltokenstore.db.names: 2015-04-04T12:23:31-0400 - 114.00 B
      neostore.labeltokenstore.db.names.id: 2015-04-04T12:24:00-0400 - 9.00 B
      neostore.nodestore.db: 2015-04-04T12:23:31-0400 - 60.00 B
      neostore.nodestore.db.id: 2015-04-04T12:24:00-0400 - 9.00 B
      neostore.nodestore.db.labels: 2015-04-04T12:23:31-0400 - 68.00 B
      neostore.nodestore.db.labels.id: 2015-04-04T12:24:00-0400 - 9.00 B
      neostore.propertystore.db: 2015-04-04T12:23:31-0400 - 164.00 B
      neostore.propertystore.db.arrays: 2015-04-04T12:23:31-0400 - 128.00 B
      neostore.propertystore.db.arrays.id: 2015-04-04T12:24:00-0400 - 9.00 B
      neostore.propertystore.db.id: 2015-04-04T12:24:00-0400 - 9.00 B
      neostore.propertystore.db.index: 2015-04-04T12:23:31-0400 - 27.00 B
      neostore.propertystore.db.index.id: 2015-04-04T12:24:00-0400 - 9.00 B
      neostore.propertystore.db.index.keys: 2015-04-04T12:23:31-0400 - 152.00 B
      neostore.propertystore.db.index.keys.id: 2015-04-04T12:24:00-0400 - 9.00 B
      neostore.propertystore.db.strings: 2015-04-04T12:23:31-0400 - 128.00 B
      neostore.propertystore.db.strings.id: 2015-04-04T12:24:00-0400 - 9.00 B
      neostore.relationshipgroupstore.db: 2015-04-04T12:23:31-0400 - 25.00 B
      neostore.relationshipgroupstore.db.id: 2015-04-04T12:24:00-0400 - 9.00 B
      neostore.relationshipstore.db: 2015-04-04T12:23:31-0400 - 136.00 B
      neostore.relationshipstore.db.id: 2015-04-04T12:24:00-0400 - 9.00 B
      neostore.relationshiptypestore.db: 2015-04-04T12:23:31-0400 - 15.00 B
      neostore.relationshiptypestore.db.id: 2015-04-04T12:24:00-0400 - 9.00 B
      neostore.relationshiptypestore.db.names: 2015-04-04T12:23:31-0400 - 152.00 B
      neostore.relationshiptypestore.db.names.id: 2015-04-04T12:24:00-0400 - 9.00 B
      neostore.schemastore.db: 2015-04-04T12:23:31-0400 - 64.00 B
      neostore.schemastore.db.id: 2015-04-04T12:24:00-0400 - 9.00 B
      nioneo_logical.log.1: 2015-04-04T12:23:31-0400 - 16.00 B
      nioneo_logical.log.active: 2015-04-04T12:23:31-0400 - 4.00 B
      nioneo_logical.log.v0: 2015-04-04T11:38:10-0400 - 2.83 kB
      schema:
        label:
          lucene:
            _3.cfs: 2015-04-04T11:38:11-0400 - 243.00 B
            segments.gen: 2015-04-04T11:38:11-0400 - 20.00 B
            segments_1: 2015-04-04T11:38:10-0400 - 243.00 B
            write.lock: 2015-04-04T12:23:31-0400 - 0.00 B
          - Total: 2015-04-04T12:23:31-0400 - 506.00 B
        - Total: 2015-04-04T11:38:10-0400 - 506.00 B
      - Total: 2015-04-04T11:38:10-0400 - 506.00 B
      store_lock: 2015-04-04T11:38:10-0400 - 0.00 B
      tm_tx_log.1: 2015-04-04T12:23:31-0400 - 0.00 B
2015-04-04 16:24:00.422+0000 INFO  [org.neo4j]: You are using an unsupported version of the Java runtime. Please use Oracle(R) Java(TM) Runtime Environment 7 or OpenJDK(TM) 7.
2015-04-04 16:24:00.422+0000 INFO  [org.neo4j]: No locking implementation specified, defaulting to 'community'
2015-04-04 16:24:00.423+0000 INFO  [org.neo4j]: --- INITIALIZED diagnostics START ---
2015-04-04 16:24:00.423+0000 INFO  [org.neo4j]: Neo4j Kernel properties:
    neostore.propertystore.db.strings.mapped_memory=975M
    ephemeral=false
    neostore.nodestore.db.mapped_memory=307M
    store_dir=ir
    neostore.propertystore.db.arrays.mapped_memory=1138M
    neostore.relationshipgroupstore.db.mapped_memory=0M
    neostore.propertystore.db.mapped_memory=1114M
    neostore.relationshipstore.db.mapped_memory=1317M
2015-04-04 16:24:00.423+0000 INFO  [org.neo4j]: Diagnostics providers:
    org.neo4j.kernel.configuration.Config
    org.neo4j.kernel.info.DiagnosticsManager
    SYSTEM_MEMORY
    JAVA_MEMORY
    OPERATING_SYSTEM
    JAVA_VIRTUAL_MACHINE
    CLASSPATH
    LIBRARY_PATH
    SYSTEM_PROPERTIES
    LINUX_SCHEDULERS
    NETWORK
2015-04-04 16:24:00.423+0000 INFO  [org.neo4j]: System memory information:
    Total Physical memory: 15.57 GB
    Free Physical memory: 10.69 GB
    Committed virtual memory: 6.38 GB
    Total swap space: 15.26 GB
    Free swap space: 15.26 GB
2015-04-04 16:24:00.424+0000 INFO  [org.neo4j]: JVM memory information:
    Free  memory: 192.92 MB
    Total memory: 240.00 MB
    Max   memory: 3.46 GB
    Garbage Collector: PS Scavenge: [PS Eden Space, PS Survivor Space]
    Garbage Collector: PS MarkSweep: [PS Eden Space, PS Survivor Space, PS Old Gen]
    Memory Pool: Code Cache (Non-heap memory): committed=3.38 MB, used=3.33 MB, max=240.00 MB, threshold=0.00 B
    Memory Pool: Metaspace (Non-heap memory): committed=13.00 MB, used=12.64 MB, max=-1.00 B, threshold=0.00 B
    Memory Pool: Compressed Class Space (Non-heap memory): committed=1.75 MB, used=1.64 MB, max=1.00 GB, threshold=0.00 B
    Memory Pool: PS Eden Space (Heap memory): committed=63.00 MB, used=47.08 MB, max=1.28 GB, threshold=?
    Memory Pool: PS Survivor Space (Heap memory): committed=10.00 MB, used=0.00 B, max=10.00 MB, threshold=?
    Memory Pool: PS Old Gen (Heap memory): committed=167.00 MB, used=0.00 B, max=2.60 GB, threshold=0.00 B
2015-04-04 16:24:00.425+0000 INFO  [org.neo4j]: Operating system information:
    Operating System: Linux; version: 3.13.0-36-generic; arch: amd64; cpus: 4
    Max number of file descriptors: 4096
    Number of open file descriptors: 78
    Process id: 6556@chanllen-Inspiron-7537
    Byte order: LITTLE_ENDIAN
    Local timezone: America/New_York
2015-04-04 16:24:00.425+0000 INFO  [org.neo4j]: JVM information:
    VM Name: Java HotSpot(TM) 64-Bit Server VM
    VM Vendor: Oracle Corporation
    VM Version: 25.20-b23
    JIT compiler: HotSpot 64-Bit Tiered Compilers
    VM Arguments: [-Dfile.encoding=UTF-8, -Xbootclasspath:/usr/lib/jvm/jdk1.8.0_20/jre/lib/resources.jar:/usr/lib/jvm/jdk1.8.0_20/jre/lib/rt.jar:/usr/lib/jvm/jdk1.8.0_20/jre/lib/jsse.jar:/usr/lib/jvm/jdk1.8.0_20/jre/lib/jce.jar:/usr/lib/jvm/jdk1.8.0_20/jre/lib/charsets.jar:/usr/lib/jvm/jdk1.8.0_20/jre/lib/jfr.jar:/usr/lib/jvm/jdk1.8.0_20/lib/tools.jar]
2015-04-04 16:24:00.425+0000 INFO  [org.neo4j]: Java classpath:
     [classpath + loader.0] file:/home/chanllen/git/TwitterQA/lib/neo4j-graph-algo-2.1.7.jar
     [bootstrap] /usr/lib/jvm/jdk1.8.0_20/jre/lib/resources.jar
     [bootstrap] /usr/lib/jvm/jdk1.8.0_20/lib/tools.jar
     [classpath + loader.0] file:/home/chanllen/git/TwitterQA/lib/opencsv-2.3.jar
     [classpath + loader.0] file:/home/chanllen/git/TwitterQA/lib/neo4j-shell-2.1.7.jar
     [classpath + loader.0] file:/home/chanllen/git/TwitterQA/lib/server-api-2.1.7.jar
     [classpath + loader.0] file:/home/chanllen/git/TwitterQA/lib/neo4j-primitive-collections-2.1.7.jar
     [loader.1] file:/usr/lib/jvm/jdk1.8.0_20/jre/lib/ext/nashorn.jar
     [loader.1] file:/usr/lib/jvm/jdk1.8.0_20/jre/lib/ext/zipfs.jar
     [loader.1] file:/usr/lib/jvm/jdk1.8.0_20/jre/lib/ext/jfxrt.jar
     [classpath + loader.0] file:/home/chanllen/git/TwitterQA/lib/neo4j-cypher-compiler-2.1-2.1.7.jar
     [bootstrap] /usr/lib/jvm/jdk1.8.0_20/jre/lib/jfr.jar
     [classpath + loader.0] file:/home/chanllen/git/TwitterQA/lib/twitter4j-stream-4.0.2.jar
     [classpath + loader.0] file:/home/chanllen/git/TwitterQA/lib/concurrentlinkedhashmap-lru-1.3.1.jar
     [classpath + loader.0] file:/home/chanllen/git/TwitterQA/lib/neo4j-cypher-compiler-2.0-2.0.3.jar
     [classpath + loader.0] file:/home/chanllen/git/TwitterQA/lib/neo4j-graph-matching-2.1.7.jar
     [bootstrap] /usr/lib/jvm/jdk1.8.0_20/jre/lib/rt.jar
     [loader.1] file:/usr/lib/jvm/jdk1.8.0_20/jre/lib/ext/sunec.jar
     [classpath + loader.0] file:/home/chanllen/git/TwitterQA/lib/parboiled-scala_2.10-1.1.6.jar
     [bootstrap] /usr/lib/jvm/jdk1.8.0_20/jre/lib/charsets.jar
     [classpath + loader.0] file:/home/chanllen/git/TwitterQA/lib/lucene-core-3.6.2.jar
     [classpath + loader.0] file:/home/chanllen/git/TwitterQA/lib/neo4j-lucene-index-2.1.7.jar
     [classpath + loader.0] file:/home/chanllen/git/TwitterQA/lib/neo4j-udc-2.1.7.jar
     [classpath + loader.0] file:/home/chanllen/git/TwitterQA/bin/
     [classpath + loader.0] file:/home/chanllen/git/TwitterQA/lib/geronimo-jta_1.1_spec-1.1.1.jar
     [loader.1] file:/usr/lib/jvm/jdk1.8.0_20/jre/lib/ext/cldrdata.jar
     [classpath + loader.0] file:/home/chanllen/git/TwitterQA/lib/neo4j-cypher-commons-2.1.7.jar
     [classpath + loader.0] file:/home/chanllen/git/TwitterQA/lib/neo4j-kernel-2.1.7.jar
     [loader.1] file:/usr/lib/jvm/jdk1.8.0_20/jre/lib/ext/dnsns.jar
     [bootstrap] /usr/lib/jvm/jdk1.8.0_20/jre/lib/jce.jar
     [classpath + loader.0] file:/home/chanllen/git/TwitterQA/lib/neo4j-jmx-2.1.7.jar
     [classpath + loader.0] file:/home/chanllen/git/TwitterQA/lib/scala-library-2.10.4.jar
     [loader.1] file:/usr/lib/jvm/jdk1.8.0_20/jre/lib/ext/sunjce_provider.jar
     [classpath + loader.0] file:/home/chanllen/git/TwitterQA/lib/neo4j-cypher-2.1.7.jar
     [classpath + loader.0] file:/home/chanllen/git/TwitterQA/lib/neo4j-cypher-compiler-1.9-2.0.3.jar
     [classpath + loader.0] file:/home/chanllen/git/TwitterQA/lib/twitter4j-core-4.0.2.jar
     [bootstrap] /usr/lib/jvm/jdk1.8.0_20/jre/lib/jsse.jar
     [loader.1] file:/usr/lib/jvm/jdk1.8.0_20/jre/lib/ext/sunpkcs11.jar
     [classpath + loader.0] file:/home/chanllen/git/TwitterQA/lib/org.apache.servicemix.bundles.jline-0.9.94_1.jar
     [classpath + loader.0] file:/home/chanllen/git/TwitterQA/lib/parboiled-core-1.1.6.jar
     [loader.1] file:/usr/lib/jvm/jdk1.8.0_20/jre/lib/ext/localedata.jar
2015-04-04 16:24:00.426+0000 INFO  [org.neo4j]: Library path:
    /usr/java/packages/lib/amd64
    /usr/lib64
    /lib64
    /lib
    /usr/lib
2015-04-04 16:24:00.426+0000 INFO  [org.neo4j]: System.properties:
    sun.boot.library.path = /usr/lib/jvm/jdk1.8.0_20/jre/lib/amd64
    path.separator = :
    file.encoding.pkg = sun.io
    user.country = US
    sun.java.launcher = SUN_STANDARD
    sun.os.patch.level = unknown
    user.dir = /home/chanllen/git/TwitterQA
    sun.jnu.encoding = UTF-8
    sun.management.compiler = HotSpot 64-Bit Tiered Compilers
    user.home = /home/chanllen
    user.timezone = America/New_York
    file.encoding = UTF-8
    user.name = chanllen
    sun.java.command = qa.app.Question
    sun.arch.data.model = 64
    user.language = en
    awt.toolkit = sun.awt.X11.XToolkit
    file.separator = /
    sun.io.unicode.encoding = UnicodeLittle
    sun.cpu.endian = little
    sun.desktop = gnome
    sun.cpu.isalist = 
2015-04-04 16:24:00.426+0000 INFO  [org.neo4j]: Linux scheduler information:
    noop [deadline] cfq 
    none
    none
    none
    none
    none
    none
    none
    none
    none
    none
    none
    none
    none
    none
    none
    none
    none
    none
    none
    none
    none
    none
    none
    none
2015-04-04 16:24:00.428+0000 INFO  [org.neo4j]: Network information:
    Interface wlan0:
        address: fe80:0:0:0:fa16:54ff:fe4d:201%wlan0
        address: 150.212.241.249
    Interface lo:
        address: 0:0:0:0:0:0:0:1%lo
        address: 127.0.0.1
2015-04-04 16:24:00.429+0000 INFO  [org.neo4j]: --- INITIALIZED diagnostics END ---
2015-04-04 16:24:00.437+0000 INFO  [org.neo4j]: Startup failed: Component 'org.neo4j.kernel.StoreLockerLifecycleAdapter@4b013c76' was successfully initialized, but failed to start. Please see attached cause exception.: Unable to obtain lock on store lock file: ir/store_lock. Please ensure no other process is using this database, and that the directory is writable (required even for read-only access): null
2015-04-04 16:24:00.437+0000 INFO  [org.neo4j]: Shutdown started
2015-04-04 16:24:00.438+0000 INFO  [org.neo4j]: --- SHUTDOWN diagnostics START ---
2015-04-04 16:24:00.438+0000 INFO  [org.neo4j]: --- SHUTDOWN diagnostics END ---
